[Licensing::Module] Trying to connect to existing licensing client channel...
Built from '6000.3/staging' branch; Version is '6000.3.10f1 (e35f0c77bd8e) revision 14901004'; Using compiler version '194234433'; Build Type 'Release'
[Licensing::IpcConnector] Successfully connected to: "LicenseClient-matus" at "2026-02-27T23:37:14.5404994Z"
OS: 'Windows 11  (10.0.26200) Core' Language: 'sk' Physical Memory: 32485 MB
BatchMode: 1, IsHumanControllingUs: 0, StartBugReporterOnCrash: 0, Is64bit: 1
System  architecture: x64
Process architecture: x64
Date: 2026-02-27T23:37:14Z

COMMAND LINE ARGUMENTS:
C:\Program Files\Unity\Hub\Editor\6000.3.10f1\Editor\Unity.exe
-adb2
-batchMode
-noUpm
-name
AssetImportWorker11
-projectPath
C:/Users/matus/Documents/GitHub/GameJam-3A/GameJam-3A
-logFile
Logs/AssetImportWorker11.log
-srvPort
57211
-licensingIpc
LicenseClient-matus
-job-worker-count
13
-background-job-worker-count
8
-gc-helper-count
1
-name
AssetImport
Successfully changed project path to: C:/Users/matus/Documents/GitHub/GameJam-3A/GameJam-3A
C:/Users/matus/Documents/GitHub/GameJam-3A/GameJam-3A
[UnityMemory] Configuration Parameters - Can be set up in boot.config
    "memorysetup-temp-allocator-size-nav-mesh-worker=65536"
    "memorysetup-temp-allocator-size-audio-worker=65536"
    "memorysetup-temp-allocator-size-gfx=262144"
    "memorysetup-allocator-temp-initial-block-size-main=262144"
    "memorysetup-allocator-temp-initial-block-size-worker=262144"
    "memorysetup-temp-allocator-size-background-worker=32768"
    "memorysetup-temp-allocator-size-job-worker=262144"
    "memorysetup-temp-allocator-size-preload-manager=33554432"
    "memorysetup-temp-allocator-size-gi-baking-worker=262144"
    "memorysetup-temp-allocator-size-gi-baking-worker=262144"
    "memorysetup-temp-allocator-size-gi-baking-worker=262144"
    "memorysetup-temp-allocator-size-gi-baking-worker=262144"
    "memorysetup-temp-allocator-size-gi-baking-worker=262144"
    "memorysetup-bucket-allocator-granularity=16"
    "memorysetup-bucket-allocator-bucket-count=8"
    "memorysetup-bucket-allocator-block-size=33554432"
    "memorysetup-bucket-allocator-block-count=8"
    "memorysetup-main-allocator-block-size=16777216"
    "memorysetup-thread-allocator-block-size=16777216"
    "memorysetup-gfx-main-allocator-block-size=16777216"
    "memorysetup-gfx-thread-allocator-block-size=16777216"
    "memorysetup-cache-allocator-block-size=4194304"
    "memorysetup-typetree-allocator-block-size=2097152"
    "memorysetup-profiler-bucket-allocator-granularity=16"
    "memorysetup-profiler-bucket-allocator-bucket-count=8"
    "memorysetup-profiler-bucket-allocator-block-size=33554432"
    "memorysetup-profiler-bucket-allocator-block-count=8"
    "memorysetup-profiler-allocator-block-size=16777216"
    "memorysetup-profiler-editor-allocator-block-size=1048576"
    "memorysetup-temp-allocator-size-main=16777216"
    "memorysetup-job-temp-allocator-block-size=2097152"
    "memorysetup-job-temp-allocator-block-size-background=1048576"
    "memorysetup-job-temp-allocator-reduction-small-platforms=262144"
    "memorysetup-temp-allocator-size-cloud-worker=32768"
Player connection [23900]  Target information:

Player connection [23900]  * "[IP] 192.168.88.3 [Port] 0 [Flags] 2 [Guid] 3274996374 [EditorId] 3274996374 [Version] 1048832 [Id] WindowsEditor(7,Lopakovec) [Debug] 1 [PackageName] WindowsEditor [ProjectName] Editor" 

Player connection [23900] Host joined multi-casting on [225.0.0.222:54997]...
Player connection [23900] Host joined alternative multi-casting on [225.0.0.222:34997]...
JobSystem: Creating JobQueue using job-worker-count value 13
Input System module state changed to: Initialized.
[Physics::Module] Initialized fallback backend.
[Physics::Module] Id: 0xdecafbad
Library Redirect Path: Library/
[Physics::Module] Selected backend.
[Physics::Module] Name: PhysX
[Physics::Module] Id: 0xf2b8ea05
[Physics::Module] SDK Version: 4.1.2
[Physics::Module] Integration Version: 1.0.0
[Physics::Module] Threading Mode: Multi-Threaded
Refreshing native plugins compatible for Editor in 3.40 ms, found 3 plugins.
Preloading 0 native plugins for Editor in 0.00 ms.
Initialize engine version: 6000.3.10f1 (e35f0c77bd8e)
[Subsystems] Discovering subsystems at path C:/Program Files/Unity/Hub/Editor/6000.3.10f1/Editor/Data/Resources/UnitySubsystems
[Subsystems] Discovering subsystems at path C:/Users/matus/Documents/GitHub/GameJam-3A/GameJam-3A/Assets
GfxDevice: creating device client; kGfxThreadingModeNonThreaded
Direct3D:
    Version:  Direct3D 11.0 [level 11.1]
    Renderer: AMD Radeon RX 7800 XT (ID=0x747e)
    Vendor:   ATI
    VRAM:     16177 MB
    Driver:   32.0.23027.2005
Initialize mono
Mono path[0] = 'C:/Program Files/Unity/Hub/Editor/6000.3.10f1/Editor/Data/Managed'
Mono path[1] = 'C:/Program Files/Unity/Hub/Editor/6000.3.10f1/Editor/Data/MonoBleedingEdge/lib/mono/unityjit-win32'
Mono config path = 'C:/Program Files/Unity/Hub/Editor/6000.3.10f1/Editor/Data/MonoBleedingEdge/etc'
Using monoOptions --debugger-agent=transport=dt_socket,embedding=1,server=y,suspend=n,address=127.0.0.1:56032
Begin MonoManager ReloadAssembly
Registering precompiled unity dll's ...
Register platform support module: C:/Program Files/Unity/Hub/Editor/6000.3.10f1/Editor/Data/PlaybackEngines/WindowsStandaloneSupport/UnityEditor.WindowsStandalone.Extensions.dll
Registered in 0.001510 seconds.
- Loaded All Assemblies, in  0.295 seconds
Native extension for WindowsStandalone target not found
[Licensing::Client] Handshaking with LicensingClient:
  Version:                 1.17.4+4293ba1
  Session Id:              798419c165004954899133b6f489579a
  Correlation Id:          5230e38b41a9947560e26b350a81521b
  External correlation Id: 1574285528860055804
  Machine Id:              1piqLOO8/9Y/oTQoXyppspaub04=
[Licensing::Module] Successfully connected to LicensingClient on channel: "LicenseClient-matus" (connect: 0.00s, validation: 0.00s, handshake: 0.99s)
[Licensing::IpcConnector] Successfully connected to: "LicenseClient-matus-notifications" at "2026-02-27T23:37:15.535068Z"
[Licensing::Module] Licensing Background thread has ended after 0.99s
ScheduleIndexationOnStartup MainProcess:False IndexOnStartup:True
Mono: successfully reloaded assembly
- Finished resetting the current domain, in  0.306 seconds
Domain Reload Profiling: 599ms
	BeginReloadAssembly (108ms)
		ExecutionOrderSort (0ms)
		DisableScriptedObjects (0ms)
		BackupInstance (0ms)
		ReleaseScriptingObjects (0ms)
		CreateAndSetChildDomain (1ms)
	RebuildCommonClasses (24ms)
	RebuildNativeTypeToScriptingClass (8ms)
	initialDomainReloadingComplete (32ms)
	LoadAllAssembliesAndSetupDomain (121ms)
		LoadAssemblies (103ms)
		RebuildTransferFunctionScriptingTraits (0ms)
		AnalyzeDomain (120ms)
			TypeCache.Refresh (118ms)
				TypeCache.ScanAssembly (109ms)
			BuildScriptInfoCaches (0ms)
			ResolveRequiredComponents (0ms)
	FinalizeReload (306ms)
		ReleaseScriptCaches (0ms)
		RebuildScriptCaches (0ms)
		SetupLoadedEditorAssemblies (275ms)
			LogAssemblyErrors (0ms)
			InitializePlatformSupportModulesInManaged (32ms)
			SetLoadedEditorAssemblies (4ms)
			BeforeProcessingInitializeOnLoad (78ms)
			ProcessInitializeOnLoadAttributes (114ms)
			ProcessInitializeOnLoadMethodAttributes (47ms)
			AfterProcessingInitializeOnLoad (0ms)
			EditorAssembliesLoaded (0ms)
		ExecutionOrderSort2 (0ms)
		AwakeInstancesAfterBackupRestoration (0ms)
========================================================================
Worker process is ready to serve import requests
Import Worker Mode flag is 0x00
Begin MonoManager ReloadAssembly
[Licensing::Client] Successfully resolved entitlement details
[Licensing::Module] License group:
  Id: 7971892376663-UnityPersXXXX
  Product: Unity Personal
  Type: Assigned
  Expiration: Unlimited
- Loaded All Assemblies, in  0.596 seconds
Refreshing native plugins compatible for Editor in 0.58 ms, found 3 plugins.
Native extension for WindowsStandalone target not found
Package Manager log level set to [2]
[Package Manager] Failed to launch server process. Reason: Unity was launched with the -noUpm command-line argument
[Package Manager] Unable to send message (not connected to server process).
[Package Manager] Cannot connect to Unity Package Manager local server
ScheduleIndexationOnStartup MainProcess:False IndexOnStartup:True
Mono: successfully reloaded assembly
- Finished resetting the current domain, in  0.518 seconds
Domain Reload Profiling: 1110ms
	BeginReloadAssembly (145ms)
		ExecutionOrderSort (0ms)
		DisableScriptedObjects (4ms)
		BackupInstance (0ms)
		ReleaseScriptingObjects (0ms)
		CreateAndSetChildDomain (27ms)
	RebuildCommonClasses (26ms)
	RebuildNativeTypeToScriptingClass (8ms)
	initialDomainReloadingComplete (29ms)
	LoadAllAssembliesAndSetupDomain (384ms)
		LoadAssemblies (284ms)
		RebuildTransferFunctionScriptingTraits (0ms)
		AnalyzeDomain (180ms)
			TypeCache.Refresh (126ms)
				TypeCache.ScanAssembly (115ms)
			BuildScriptInfoCaches (42ms)
			ResolveRequiredComponents (8ms)
	FinalizeReload (519ms)
		ReleaseScriptCaches (0ms)
		RebuildScriptCaches (0ms)
		SetupLoadedEditorAssemblies (382ms)
			LogAssemblyErrors (0ms)
			InitializePlatformSupportModulesInManaged (1ms)
			SetLoadedEditorAssemblies (3ms)
			BeforeProcessingInitializeOnLoad (102ms)
			ProcessInitializeOnLoadAttributes (233ms)
			ProcessInitializeOnLoadMethodAttributes (39ms)
			AfterProcessingInitializeOnLoad (4ms)
			EditorAssembliesLoaded (0ms)
		ExecutionOrderSort2 (0ms)
		AwakeInstancesAfterBackupRestoration (5ms)
Launched and connected shader compiler UnityShaderCompiler.exe after 0.02 seconds
Refreshing native plugins compatible for Editor in 0.76 ms, found 3 plugins.
Preloading 0 native plugins for Editor in 0.00 ms.
Unloading 16 Unused Serialized files (Serialized files now loaded: 0)
Unloading 6223 unused Assets / (3.7 MB). Loaded Objects now: 7038.
Memory consumption went from 152.6 MB to 148.9 MB.
Total: 5.154900 ms (FindLiveObjects: 0.353800 ms CreateObjectMapping: 0.230400 ms MarkObjects: 3.355600 ms  DeleteObjects: 1.214200 ms)

========================================================================
Received Prepare
Begin MonoManager ReloadAssembly
- Loaded All Assemblies, in  0.574 seconds
Refreshing native plugins compatible for Editor in 0.58 ms, found 3 plugins.
Native extension for WindowsStandalone target not found
[Package Manager] Failed to launch server process. Reason: Unity was launched with the -noUpm command-line argument
[Package Manager] Unable to send message (not connected to server process).
[Package Manager] Cannot connect to Unity Package Manager local server
ScheduleIndexationOnStartup MainProcess:False IndexOnStartup:True
Mono: successfully reloaded assembly
- Finished resetting the current domain, in  0.578 seconds
Domain Reload Profiling: 1151ms
	BeginReloadAssembly (163ms)
		ExecutionOrderSort (0ms)
		DisableScriptedObjects (3ms)
		BackupInstance (0ms)
		ReleaseScriptingObjects (0ms)
		CreateAndSetChildDomain (36ms)
	RebuildCommonClasses (26ms)
	RebuildNativeTypeToScriptingClass (9ms)
	initialDomainReloadingComplete (23ms)
	LoadAllAssembliesAndSetupDomain (352ms)
		LoadAssemblies (285ms)
		RebuildTransferFunctionScriptingTraits (0ms)
		AnalyzeDomain (148ms)
			TypeCache.Refresh (11ms)
				TypeCache.ScanAssembly (0ms)
			BuildScriptInfoCaches (125ms)
			ResolveRequiredComponents (8ms)
	FinalizeReload (578ms)
		ReleaseScriptCaches (0ms)
		RebuildScriptCaches (0ms)
		SetupLoadedEditorAssemblies (450ms)
			LogAssemblyErrors (0ms)
			InitializePlatformSupportModulesInManaged (1ms)
			SetLoadedEditorAssemblies (4ms)
			BeforeProcessingInitializeOnLoad (123ms)
			ProcessInitializeOnLoadAttributes (251ms)
			ProcessInitializeOnLoadMethodAttributes (62ms)
			AfterProcessingInitializeOnLoad (9ms)
			EditorAssembliesLoaded (0ms)
		ExecutionOrderSort2 (0ms)
		AwakeInstancesAfterBackupRestoration (18ms)
Refreshing native plugins compatible for Editor in 0.78 ms, found 3 plugins.
Preloading 0 native plugins for Editor in 0.00 ms.
Unloading 16 Unused Serialized files (Serialized files now loaded: 0)
Unloading 6219 unused Assets / (3.4 MB). Loaded Objects now: 7054.
Memory consumption went from 157.5 MB to 154.1 MB.
Total: 7.315600 ms (FindLiveObjects: 0.609300 ms CreateObjectMapping: 0.242700 ms MarkObjects: 4.407200 ms  DeleteObjects: 2.055400 ms)

Prepare: number of updated asset objects reloaded= 0
========================================================================
Received Import Request.
  Time since last request: 21350.882452 seconds.
  path: Assets/Textures/HD-wallpaper-gray-stone-wall-3d-textures-natural-rock-texture-stone-textures-gray-grunge-background-stone-backgrounds-gray-backgrounds-gray-stone-background-with-stones-macro-gray-stones.jpg
  artifactKey: Guid(6db35e6eb43c05e41aea89a47358f293) Importer(815301076,1909f56bfc062723c751e8b465ee728b)
Start importing Assets/Textures/HD-wallpaper-gray-stone-wall-3d-textures-natural-rock-texture-stone-textures-gray-grunge-background-stone-backgrounds-gray-backgrounds-gray-stone-background-with-stones-macro-gray-stones.jpg using Guid(6db35e6eb43c05e41aea89a47358f293) Importer(815301076,1909f56bfc062723c751e8b465ee728b) (PreviewImporter) -> (artifact id: '1cbfc4649812af83e2ddabe8ec71af24') in 0.0462951 seconds
Number of updated asset objects reloaded before import = 0Number of asset objects unloaded after import = 2

========================================================================
Received Import Request.
  Time since last request: 7.449707 seconds.
  path: Assets/Textures/HD-wallpaper-gray-stone-wall-3d-textures-natural-rock-texture-stone-textures-gray-grunge-background-stone-backgrounds-gray-backgrounds-gray-stone-background-with-stones-macro-gray-stones.jpg
  artifactKey: Guid(6db35e6eb43c05e41aea89a47358f293) Importer(815301076,1909f56bfc062723c751e8b465ee728b)
Start importing Assets/Textures/HD-wallpaper-gray-stone-wall-3d-textures-natural-rock-texture-stone-textures-gray-grunge-background-stone-backgrounds-gray-backgrounds-gray-stone-background-with-stones-macro-gray-stones.jpg using Guid(6db35e6eb43c05e41aea89a47358f293) Importer(815301076,1909f56bfc062723c751e8b465ee728b) (PreviewImporter) -> (artifact id: '5fbbb09a3010cb7c01224ec3c0bb466c') in 0.0122257 seconds
Number of updated asset objects reloaded before import = 0Number of asset objects unloaded after import = 2

========================================================================
Received Import Request.
  Time since last request: 835.967127 seconds.
  path: Assets/Textures/HD-wallpaper-gray-stone-wall-3d-textures-natural-rock-texture-stone-textures-gray-grunge-background-stone-backgrounds-gray-backgrounds-gray-stone-background-with-stones-macro-gray-stones07.jpg
  artifactKey: Guid(c4ed0965bebd9774aaaffe80ad5c2efb) Importer(815301076,1909f56bfc062723c751e8b465ee728b)
Start importing Assets/Textures/HD-wallpaper-gray-stone-wall-3d-textures-natural-rock-texture-stone-textures-gray-grunge-background-stone-backgrounds-gray-backgrounds-gray-stone-background-with-stones-macro-gray-stones07.jpg using Guid(c4ed0965bebd9774aaaffe80ad5c2efb) Importer(815301076,1909f56bfc062723c751e8b465ee728b) (PreviewImporter) -> (artifact id: '5e2b4bd32583a97a246a39792cdb9c06') in 0.0386687 seconds
Number of updated asset objects reloaded before import = 0Number of asset objects unloaded after import = 2

========================================================================
Received Import Request.
  Time since last request: 1.378893 seconds.
  path: Assets/Textures/HD-wallpaper-gray-stone-wall-3d-textures-natural-rock-texture-stone-textures-gray-grunge-background-stone-backgrounds-gray-backgrounds-gray-stone-background-with-stones-macro-gray-stones_11.jpg
  artifactKey: Guid(efa4cc4c90e55884dbdd00345ac2e63d) Importer(815301076,1909f56bfc062723c751e8b465ee728b)
Start importing Assets/Textures/HD-wallpaper-gray-stone-wall-3d-textures-natural-rock-texture-stone-textures-gray-grunge-background-stone-backgrounds-gray-backgrounds-gray-stone-background-with-stones-macro-gray-stones_11.jpg using Guid(efa4cc4c90e55884dbdd00345ac2e63d) Importer(815301076,1909f56bfc062723c751e8b465ee728b) (PreviewImporter) -> (artifact id: 'f5347573abfdfe9452fe238951ca6d55') in 0.0117236 seconds
Number of updated asset objects reloaded before import = 0Number of asset objects unloaded after import = 2

========================================================================
Received Import Request.
  Time since last request: 7.901566 seconds.
  path: Assets/Textures/HD-wallpaper-gray-stone-wall-3d-textures-natural-rock-texture-stone-textures-gray-grunge-background-stone-backgrounds-gray-backgrounds-gray-stone-background-with-stones-macro-gray-stones_11.jpg
  artifactKey: Guid(efa4cc4c90e55884dbdd00345ac2e63d) Importer(815301076,1909f56bfc062723c751e8b465ee728b)
Start importing Assets/Textures/HD-wallpaper-gray-stone-wall-3d-textures-natural-rock-texture-stone-textures-gray-grunge-background-stone-backgrounds-gray-backgrounds-gray-stone-background-with-stones-macro-gray-stones_11.jpg using Guid(efa4cc4c90e55884dbdd00345ac2e63d) Importer(815301076,1909f56bfc062723c751e8b465ee728b) (PreviewImporter) -> (artifact id: 'ddb1003230b22f63a53a7a1cb38b3501') in 0.0188842 seconds
Number of updated asset objects reloaded before import = 0Number of asset objects unloaded after import = 2

========================================================================
Received Import Request.
  Time since last request: 5.553015 seconds.
  path: Assets/Textures/HD-wallpaper-gray-stone-wall-3d-textures-natural-rock-texture-stone-textures-gray-grunge-background-stone-backgrounds-gray-backgrounds-gray-stone-background-with-stones-macro-gray-stones07.jpg
  artifactKey: Guid(c4ed0965bebd9774aaaffe80ad5c2efb) Importer(815301076,1909f56bfc062723c751e8b465ee728b)
Start importing Assets/Textures/HD-wallpaper-gray-stone-wall-3d-textures-natural-rock-texture-stone-textures-gray-grunge-background-stone-backgrounds-gray-backgrounds-gray-stone-background-with-stones-macro-gray-stones07.jpg using Guid(c4ed0965bebd9774aaaffe80ad5c2efb) Importer(815301076,1909f56bfc062723c751e8b465ee728b) (PreviewImporter) -> (artifact id: '5e2b555742dd04c46a2ba1f3127ffe2a') in 0.0119121 seconds
Number of updated asset objects reloaded before import = 0Number of asset objects unloaded after import = 2

========================================================================
Received Import Request.
  Time since last request: 441.577763 seconds.
  path: Assets/Textures/pbr-seamless-red-rocky-ground-textures-3d-model-low-poly_11.jpg
  artifactKey: Guid(75691d54d354f894484c6c122e27a859) Importer(815301076,1909f56bfc062723c751e8b465ee728b)
Start importing Assets/Textures/pbr-seamless-red-rocky-ground-textures-3d-model-low-poly_11.jpg using Guid(75691d54d354f894484c6c122e27a859) Importer(815301076,1909f56bfc062723c751e8b465ee728b) (PreviewImporter) -> (artifact id: '1a1e9343f884f7188e55ab4a2a4c2f92') in 0.0132145 seconds
Number of updated asset objects reloaded before import = 0Number of asset objects unloaded after import = 2

========================================================================
Received Import Request.
  Time since last request: 0.000022 seconds.
  path: Assets/Textures/pbr-seamless-red-rocky-ground-textures-3d-model-low-poly_13.jpg
  artifactKey: Guid(a6f884a7bb7e7d74e93476ee0289084a) Importer(815301076,1909f56bfc062723c751e8b465ee728b)
Start importing Assets/Textures/pbr-seamless-red-rocky-ground-textures-3d-model-low-poly_13.jpg using Guid(a6f884a7bb7e7d74e93476ee0289084a) Importer(815301076,1909f56bfc062723c751e8b465ee728b) (PreviewImporter) -> (artifact id: 'a87ea79b86476c7dd307a6773c761249') in 0.0097355 seconds
Number of updated asset objects reloaded before import = 0Number of asset objects unloaded after import = 2

========================================================================
Received Import Request.
  Time since last request: 0.000010 seconds.
  path: Assets/Textures/pbr-seamless-red-rocky-ground-textures-3d-model-low-poly_14.jpg
  artifactKey: Guid(2faf339bf3ac0ab4d947d2c701f35b0a) Importer(815301076,1909f56bfc062723c751e8b465ee728b)
Start importing Assets/Textures/pbr-seamless-red-rocky-ground-textures-3d-model-low-poly_14.jpg using Guid(2faf339bf3ac0ab4d947d2c701f35b0a) Importer(815301076,1909f56bfc062723c751e8b465ee728b) (PreviewImporter) -> (artifact id: '580b6f5404c932cca9a241b53492ac9d') in 0.0116445 seconds
Number of updated asset objects reloaded before import = 0Number of asset objects unloaded after import = 2

========================================================================
Received Import Request.
  Time since last request: 2.279761 seconds.
  path: Assets/Textures/pbr-seamless-red-rocky-ground-textures-3d-model-low-poly_10.jpg
  artifactKey: Guid(4ceb45150bdaefd4cacbaef541a1b32e) Importer(815301076,1909f56bfc062723c751e8b465ee728b)
Start importing Assets/Textures/pbr-seamless-red-rocky-ground-textures-3d-model-low-poly_10.jpg using Guid(4ceb45150bdaefd4cacbaef541a1b32e) Importer(815301076,1909f56bfc062723c751e8b465ee728b) (PreviewImporter) -> (artifact id: '09c4fa99036674e432a065d6317b2e40') in 0.0132796 seconds
Number of updated asset objects reloaded before import = 0Number of asset objects unloaded after import = 2

========================================================================
Received Import Request.
  Time since last request: 18.023900 seconds.
  path: Assets/Textures/pbr-seamless-red-rocky-ground-textures-3d-model-low-poly_10.jpg
  artifactKey: Guid(4ceb45150bdaefd4cacbaef541a1b32e) Importer(815301076,1909f56bfc062723c751e8b465ee728b)
Start importing Assets/Textures/pbr-seamless-red-rocky-ground-textures-3d-model-low-poly_10.jpg using Guid(4ceb45150bdaefd4cacbaef541a1b32e) Importer(815301076,1909f56bfc062723c751e8b465ee728b) (PreviewImporter) -> (artifact id: 'c56ae100bc1fdac2ea87e4a72881baee') in 0.0139924 seconds
Number of updated asset objects reloaded before import = 0Number of asset objects unloaded after import = 2

========================================================================
Received Import Request.
  Time since last request: 0.000012 seconds.
  path: Assets/Textures/pbr-seamless-red-rocky-ground-textures-3d-model-low-poly_12.jpg
  artifactKey: Guid(29cb42b07a55f6c488af1e672050c48c) Importer(815301076,1909f56bfc062723c751e8b465ee728b)
Start importing Assets/Textures/pbr-seamless-red-rocky-ground-textures-3d-model-low-poly_12.jpg using Guid(29cb42b07a55f6c488af1e672050c48c) Importer(815301076,1909f56bfc062723c751e8b465ee728b) (PreviewImporter) -> (artifact id: 'd3a906eced8695e4fd0fd52809c0b4d5') in 0.0116845 seconds
Number of updated asset objects reloaded before import = 0Number of asset objects unloaded after import = 2

========================================================================
Received Import Request.
  Time since last request: 0.000015 seconds.
  path: Assets/Textures/pbr-seamless-red-rocky-ground-textures-3d-model-low-poly_14.jpg
  artifactKey: Guid(2faf339bf3ac0ab4d947d2c701f35b0a) Importer(815301076,1909f56bfc062723c751e8b465ee728b)
Start importing Assets/Textures/pbr-seamless-red-rocky-ground-textures-3d-model-low-poly_14.jpg using Guid(2faf339bf3ac0ab4d947d2c701f35b0a) Importer(815301076,1909f56bfc062723c751e8b465ee728b) (PreviewImporter) -> (artifact id: '983d84dac318ad95da57b88c9fc863e0') in 0.0113733 seconds
Number of updated asset objects reloaded before import = 0Number of asset objects unloaded after import = 2

