[Licensing::Module] Trying to connect to existing licensing client channel...
Built from '6000.3/staging' branch; Version is '6000.3.10f1 (e35f0c77bd8e) revision 14901004'; Using compiler version '194234433'; Build Type 'Release'
[Licensing::IpcConnector] Successfully connected to: "LicenseClient-matus" at "2026-02-28T13:48:16.5366954Z"
OS: 'Windows 11  (10.0.26200) Core' Language: 'sk' Physical Memory: 32485 MB
BatchMode: 1, IsHumanControllingUs: 0, StartBugReporterOnCrash: 0, Is64bit: 1
System  architecture: x64
Process architecture: x64
Date: 2026-02-28T13:48:16Z

COMMAND LINE ARGUMENTS:
C:\Program Files\Unity\Hub\Editor\6000.3.10f1\Editor\Unity.exe
-adb2
-batchMode
-noUpm
-name
AssetImportWorker9
-projectPath
C:/Users/matus/Documents/GitHub/GameJam-3A/GameJam-3A
-logFile
Logs/AssetImportWorker9.log
-srvPort
56813
-licensingIpc
LicenseClient-matus
-job-worker-count
13
-background-job-worker-count
8
-gc-helper-count
1
-name
AssetImport
Successfully changed project path to: C:/Users/matus/Documents/GitHub/GameJam-3A/GameJam-3A
C:/Users/matus/Documents/GitHub/GameJam-3A/GameJam-3A
[UnityMemory] Configuration Parameters - Can be set up in boot.config
    "memorysetup-temp-allocator-size-nav-mesh-worker=65536"
    "memorysetup-temp-allocator-size-audio-worker=65536"
    "memorysetup-temp-allocator-size-gfx=262144"
    "memorysetup-allocator-temp-initial-block-size-main=262144"
    "memorysetup-allocator-temp-initial-block-size-worker=262144"
    "memorysetup-temp-allocator-size-background-worker=32768"
    "memorysetup-temp-allocator-size-job-worker=262144"
    "memorysetup-temp-allocator-size-preload-manager=33554432"
    "memorysetup-temp-allocator-size-gi-baking-worker=262144"
    "memorysetup-temp-allocator-size-gi-baking-worker=262144"
    "memorysetup-temp-allocator-size-gi-baking-worker=262144"
    "memorysetup-temp-allocator-size-gi-baking-worker=262144"
    "memorysetup-temp-allocator-size-gi-baking-worker=262144"
    "memorysetup-bucket-allocator-granularity=16"
    "memorysetup-bucket-allocator-bucket-count=8"
    "memorysetup-bucket-allocator-block-size=33554432"
    "memorysetup-bucket-allocator-block-count=8"
    "memorysetup-main-allocator-block-size=16777216"
    "memorysetup-thread-allocator-block-size=16777216"
    "memorysetup-gfx-main-allocator-block-size=16777216"
    "memorysetup-gfx-thread-allocator-block-size=16777216"
    "memorysetup-cache-allocator-block-size=4194304"
    "memorysetup-typetree-allocator-block-size=2097152"
    "memorysetup-profiler-bucket-allocator-granularity=16"
    "memorysetup-profiler-bucket-allocator-bucket-count=8"
    "memorysetup-profiler-bucket-allocator-block-size=33554432"
    "memorysetup-profiler-bucket-allocator-block-count=8"
    "memorysetup-profiler-allocator-block-size=16777216"
    "memorysetup-profiler-editor-allocator-block-size=1048576"
    "memorysetup-temp-allocator-size-main=16777216"
    "memorysetup-job-temp-allocator-block-size=2097152"
    "memorysetup-job-temp-allocator-block-size-background=1048576"
    "memorysetup-job-temp-allocator-reduction-small-platforms=262144"
    "memorysetup-temp-allocator-size-cloud-worker=32768"
Player connection [38764]  Target information:

Player connection [38764]  * "[IP] 192.168.88.3 [Port] 0 [Flags] 2 [Guid] 4198642917 [EditorId] 4198642917 [Version] 1048832 [Id] WindowsEditor(7,Lopakovec) [Debug] 1 [PackageName] WindowsEditor [ProjectName] Editor" 

Player connection [38764] Host joined multi-casting on [225.0.0.222:54997]...
Player connection [38764] Host joined alternative multi-casting on [225.0.0.222:34997]...
JobSystem: Creating JobQueue using job-worker-count value 13
Input System module state changed to: Initialized.
[Physics::Module] Initialized fallback backend.
[Physics::Module] Id: 0xdecafbad
Library Redirect Path: Library/
[Physics::Module] Selected backend.
[Physics::Module] Name: PhysX
[Physics::Module] Id: 0xf2b8ea05
[Physics::Module] SDK Version: 4.1.2
[Physics::Module] Integration Version: 1.0.0
[Physics::Module] Threading Mode: Multi-Threaded
Refreshing native plugins compatible for Editor in 2.17 ms, found 3 plugins.
Preloading 0 native plugins for Editor in 0.00 ms.
Initialize engine version: 6000.3.10f1 (e35f0c77bd8e)
[Subsystems] Discovering subsystems at path C:/Program Files/Unity/Hub/Editor/6000.3.10f1/Editor/Data/Resources/UnitySubsystems
[Subsystems] Discovering subsystems at path C:/Users/matus/Documents/GitHub/GameJam-3A/GameJam-3A/Assets
GfxDevice: creating device client; kGfxThreadingModeNonThreaded
Direct3D:
    Version:  Direct3D 11.0 [level 11.1]
    Renderer: AMD Radeon RX 7800 XT (ID=0x747e)
    Vendor:   ATI
    VRAM:     16177 MB
    Driver:   32.0.23027.2005
Initialize mono
Mono path[0] = 'C:/Program Files/Unity/Hub/Editor/6000.3.10f1/Editor/Data/Managed'
Mono path[1] = 'C:/Program Files/Unity/Hub/Editor/6000.3.10f1/Editor/Data/MonoBleedingEdge/lib/mono/unityjit-win32'
Mono config path = 'C:/Program Files/Unity/Hub/Editor/6000.3.10f1/Editor/Data/MonoBleedingEdge/etc'
Using monoOptions --debugger-agent=transport=dt_socket,embedding=1,server=y,suspend=n,address=127.0.0.1:56952
Begin MonoManager ReloadAssembly
Registering precompiled unity dll's ...
Register platform support module: C:/Program Files/Unity/Hub/Editor/6000.3.10f1/Editor/Data/PlaybackEngines/WindowsStandaloneSupport/UnityEditor.WindowsStandalone.Extensions.dll
Registered in 0.003417 seconds.
- Loaded All Assemblies, in  0.363 seconds
Native extension for WindowsStandalone target not found
[Licensing::Client] Handshaking with LicensingClient:
  Version:                 1.17.4+4293ba1
  Session Id:              c48270f01f3647479da20c7c216883c9
  Correlation Id:          2b397daf1f77431ff23a0645734dba32
  External correlation Id: 373759890128827845
  Machine Id:              1piqLOO8/9Y/oTQoXyppspaub04=
[Licensing::Module] Successfully connected to LicensingClient on channel: "LicenseClient-matus" (connect: 0.00s, validation: 0.00s, handshake: 1.01s)
[Licensing::IpcConnector] Successfully connected to: "LicenseClient-matus-notifications" at "2026-02-28T13:48:17.5508981Z"
[Licensing::Module] Licensing Background thread has ended after 1.01s
ScheduleIndexationOnStartup MainProcess:False IndexOnStartup:True
Mono: successfully reloaded assembly
- Finished resetting the current domain, in  0.334 seconds
Domain Reload Profiling: 694ms
	BeginReloadAssembly (127ms)
		ExecutionOrderSort (0ms)
		DisableScriptedObjects (0ms)
		BackupInstance (0ms)
		ReleaseScriptingObjects (0ms)
		CreateAndSetChildDomain (1ms)
	RebuildCommonClasses (27ms)
	RebuildNativeTypeToScriptingClass (13ms)
	initialDomainReloadingComplete (44ms)
	LoadAllAssembliesAndSetupDomain (149ms)
		LoadAssemblies (120ms)
		RebuildTransferFunctionScriptingTraits (0ms)
		AnalyzeDomain (147ms)
			TypeCache.Refresh (144ms)
				TypeCache.ScanAssembly (129ms)
			BuildScriptInfoCaches (0ms)
			ResolveRequiredComponents (1ms)
	FinalizeReload (335ms)
		ReleaseScriptCaches (0ms)
		RebuildScriptCaches (0ms)
		SetupLoadedEditorAssemblies (293ms)
			LogAssemblyErrors (0ms)
			InitializePlatformSupportModulesInManaged (42ms)
			SetLoadedEditorAssemblies (3ms)
			BeforeProcessingInitializeOnLoad (88ms)
			ProcessInitializeOnLoadAttributes (112ms)
			ProcessInitializeOnLoadMethodAttributes (48ms)
			AfterProcessingInitializeOnLoad (0ms)
			EditorAssembliesLoaded (0ms)
		ExecutionOrderSort2 (0ms)
		AwakeInstancesAfterBackupRestoration (0ms)
========================================================================
Worker process is ready to serve import requests
Import Worker Mode flag is 0x00
Begin MonoManager ReloadAssembly
[Licensing::Client] Successfully resolved entitlement details
[Licensing::Module] License group:
  Id: 7971892376663-UnityPersXXXX
  Product: Unity Personal
  Type: Assigned
  Expiration: Unlimited
- Loaded All Assemblies, in  0.518 seconds
Refreshing native plugins compatible for Editor in 0.68 ms, found 3 plugins.
Native extension for WindowsStandalone target not found
Package Manager log level set to [2]
[Package Manager] Failed to launch server process. Reason: Unity was launched with the -noUpm command-line argument
[Package Manager] Unable to send message (not connected to server process).
[Package Manager] Cannot connect to Unity Package Manager local server
ScheduleIndexationOnStartup MainProcess:False IndexOnStartup:True
Mono: successfully reloaded assembly
- Finished resetting the current domain, in  0.488 seconds
Domain Reload Profiling: 1003ms
	BeginReloadAssembly (121ms)
		ExecutionOrderSort (0ms)
		DisableScriptedObjects (3ms)
		BackupInstance (0ms)
		ReleaseScriptingObjects (0ms)
		CreateAndSetChildDomain (22ms)
	RebuildCommonClasses (23ms)
	RebuildNativeTypeToScriptingClass (8ms)
	initialDomainReloadingComplete (25ms)
	LoadAllAssembliesAndSetupDomain (337ms)
		LoadAssemblies (242ms)
		RebuildTransferFunctionScriptingTraits (0ms)
		AnalyzeDomain (160ms)
			TypeCache.Refresh (109ms)
				TypeCache.ScanAssembly (97ms)
			BuildScriptInfoCaches (41ms)
			ResolveRequiredComponents (7ms)
	FinalizeReload (488ms)
		ReleaseScriptCaches (0ms)
		RebuildScriptCaches (0ms)
		SetupLoadedEditorAssemblies (366ms)
			LogAssemblyErrors (0ms)
			InitializePlatformSupportModulesInManaged (1ms)
			SetLoadedEditorAssemblies (3ms)
			BeforeProcessingInitializeOnLoad (104ms)
			ProcessInitializeOnLoadAttributes (210ms)
			ProcessInitializeOnLoadMethodAttributes (43ms)
			AfterProcessingInitializeOnLoad (5ms)
			EditorAssembliesLoaded (0ms)
		ExecutionOrderSort2 (0ms)
		AwakeInstancesAfterBackupRestoration (5ms)
Launched and connected shader compiler UnityShaderCompiler.exe after 0.01 seconds
Refreshing native plugins compatible for Editor in 1.37 ms, found 3 plugins.
Preloading 0 native plugins for Editor in 0.00 ms.
Unloading 16 Unused Serialized files (Serialized files now loaded: 0)
Unloading 6224 unused Assets / (3.9 MB). Loaded Objects now: 7042.
Memory consumption went from 160.6 MB to 156.7 MB.
Total: 6.895900 ms (FindLiveObjects: 0.510900 ms CreateObjectMapping: 0.383300 ms MarkObjects: 4.372000 ms  DeleteObjects: 1.628900 ms)

========================================================================
Received Import Request.
  Time since last request: 21441.085076 seconds.
  path: Assets/Erbeillo Stylize Material Demo Free/Materials/Stylized_Stones.mat
  artifactKey: Guid(35e987e10360ea849bd126c52f9af97b) Importer(815301076,1909f56bfc062723c751e8b465ee728b)
Start importing Assets/Erbeillo Stylize Material Demo Free/Materials/Stylized_Stones.mat using Guid(35e987e10360ea849bd126c52f9af97b) Importer(815301076,1909f56bfc062723c751e8b465ee728b) (PreviewImporter) -> (artifact id: '7932b024c258e8c4c06292fbb50c4319') in 0.3376688 seconds
Number of updated asset objects reloaded before import = 0Number of asset objects unloaded after import = 5

========================================================================
Received Import Request.
  Time since last request: 23.422258 seconds.
  path: Assets/Erbeillo Stylize Material Demo Free/Textures/Ground_Rock_Stylize_V2_baseColor.png
  artifactKey: Guid(50fdd0ce71c50e14eaf6437d77f8a442) Importer(815301076,1909f56bfc062723c751e8b465ee728b)
Start importing Assets/Erbeillo Stylize Material Demo Free/Textures/Ground_Rock_Stylize_V2_baseColor.png using Guid(50fdd0ce71c50e14eaf6437d77f8a442) Importer(815301076,1909f56bfc062723c751e8b465ee728b) (PreviewImporter) -> (artifact id: 'c8527d51a0a81a3a4e87f93090248be1') in 0.0181326 seconds
Number of updated asset objects reloaded before import = 0Number of asset objects unloaded after import = 2

========================================================================
Received Import Request.
  Time since last request: 0.000017 seconds.
  path: Assets/Erbeillo Stylize Material Demo Free/Textures/Stylized_Stones_Ambiante_Occlusion.png
  artifactKey: Guid(b34bff5f4975c604283dfd320097db0a) Importer(815301076,1909f56bfc062723c751e8b465ee728b)
Start importing Assets/Erbeillo Stylize Material Demo Free/Textures/Stylized_Stones_Ambiante_Occlusion.png using Guid(b34bff5f4975c604283dfd320097db0a) Importer(815301076,1909f56bfc062723c751e8b465ee728b) (PreviewImporter) -> (artifact id: 'c5c1e3d3849f11b5e60d1248306d5567') in 0.0135891 seconds
Number of updated asset objects reloaded before import = 0Number of asset objects unloaded after import = 2

========================================================================
Received Import Request.
  Time since last request: 0.000034 seconds.
  path: Assets/Erbeillo Stylize Material Demo Free/Textures/Groundd_Stylize_AO.png
  artifactKey: Guid(9d9d5049dd396444d84abb85cc86bb34) Importer(815301076,1909f56bfc062723c751e8b465ee728b)
Start importing Assets/Erbeillo Stylize Material Demo Free/Textures/Groundd_Stylize_AO.png using Guid(9d9d5049dd396444d84abb85cc86bb34) Importer(815301076,1909f56bfc062723c751e8b465ee728b) (PreviewImporter) -> (artifact id: '63d96369f08abec337a071d1c91560f9') in 0.0131381 seconds
Number of updated asset objects reloaded before import = 0Number of asset objects unloaded after import = 2

========================================================================
Received Import Request.
  Time since last request: 0.000021 seconds.
  path: Assets/Erbeillo Stylize Material Demo Free/Textures/Groundd_Stylize_Height.png
  artifactKey: Guid(881e0917e3e5c154284129052e156069) Importer(815301076,1909f56bfc062723c751e8b465ee728b)
Start importing Assets/Erbeillo Stylize Material Demo Free/Textures/Groundd_Stylize_Height.png using Guid(881e0917e3e5c154284129052e156069) Importer(815301076,1909f56bfc062723c751e8b465ee728b) (PreviewImporter) -> (artifact id: 'a63886c7cd4dcd6670f34eb23626883e') in 0.01342 seconds
Number of updated asset objects reloaded before import = 0Number of asset objects unloaded after import = 2

========================================================================
Received Import Request.
  Time since last request: 0.000024 seconds.
  path: Assets/Erbeillo Stylize Material Demo Free/Textures/Stylized_Bark_basecolor.png
  artifactKey: Guid(ab8d9fedd4d20d74daab3e40b28377ca) Importer(815301076,1909f56bfc062723c751e8b465ee728b)
Start importing Assets/Erbeillo Stylize Material Demo Free/Textures/Stylized_Bark_basecolor.png using Guid(ab8d9fedd4d20d74daab3e40b28377ca) Importer(815301076,1909f56bfc062723c751e8b465ee728b) (PreviewImporter) -> (artifact id: '42f0324153f88da5c0a5f7f07a269ae2') in 0.0124745 seconds
Number of updated asset objects reloaded before import = 0Number of asset objects unloaded after import = 2

========================================================================
Received Import Request.
  Time since last request: 0.000023 seconds.
  path: Assets/Erbeillo Stylize Material Demo Free/Textures/Stylized_Stones_height.png
  artifactKey: Guid(adc90932edcb09240a5fe006cbbcf728) Importer(815301076,1909f56bfc062723c751e8b465ee728b)
Start importing Assets/Erbeillo Stylize Material Demo Free/Textures/Stylized_Stones_height.png using Guid(adc90932edcb09240a5fe006cbbcf728) Importer(815301076,1909f56bfc062723c751e8b465ee728b) (PreviewImporter) -> (artifact id: '5a229b8e5d1c30d72ad4d4490a17dba5') in 0.0102065 seconds
Number of updated asset objects reloaded before import = 0Number of asset objects unloaded after import = 2

Editor requested this worker to shutdown with reason: Scaling down because of idle timeout
AssetImportWorker is now disconnected from the server
Process exiting
Exiting without the bug reporter. Application will terminate with return code 0