[Licensing::Module] Trying to connect to existing licensing client channel...
[Licensing::IpcConnector] Successfully connected to: "LicenseClient-User" at "2026-02-28T19:22:36.7683038Z"
Built from '6000.3/staging' branch; Version is '6000.3.10f1 (e35f0c77bd8e) revision 14901004'; Using compiler version '194234433'; Build Type 'Release'
OS: 'Windows 10  (10.0.19045) 64bit Professional' Language: 'sk' Physical Memory: 7101 MB
BatchMode: 1, IsHumanControllingUs: 0, StartBugReporterOnCrash: 0, Is64bit: 1
System  architecture: x64
Process architecture: x64
Date: 2026-02-28T19:22:36Z

COMMAND LINE ARGUMENTS:
C:\Program Files\Unity\Hub\Editor\6000.3.10f1\Editor\Unity.exe
-adb2
-batchMode
-noUpm
-name
AssetImportWorker12
-projectPath
C:/Users/User/Documents/GitHub/GameJam-3A/GameJam-3A
-logFile
Logs/AssetImportWorker12.log
-srvPort
52488
-licensingIpc
LicenseClient-User
-job-worker-count
3
-background-job-worker-count
8
-gc-helper-count
1
-name
AssetImport
Successfully changed project path to: C:/Users/User/Documents/GitHub/GameJam-3A/GameJam-3A
C:/Users/User/Documents/GitHub/GameJam-3A/GameJam-3A
[UnityMemory] Configuration Parameters - Can be set up in boot.config
    "memorysetup-temp-allocator-size-nav-mesh-worker=65536"
    "memorysetup-temp-allocator-size-audio-worker=65536"
    "memorysetup-temp-allocator-size-gfx=262144"
    "memorysetup-allocator-temp-initial-block-size-main=262144"
    "memorysetup-allocator-temp-initial-block-size-worker=262144"
    "memorysetup-temp-allocator-size-background-worker=32768"
    "memorysetup-temp-allocator-size-job-worker=262144"
    "memorysetup-temp-allocator-size-preload-manager=33554432"
    "memorysetup-temp-allocator-size-gi-baking-worker=262144"
    "memorysetup-temp-allocator-size-gi-baking-worker=262144"
    "memorysetup-temp-allocator-size-gi-baking-worker=262144"
    "memorysetup-temp-allocator-size-gi-baking-worker=262144"
    "memorysetup-temp-allocator-size-gi-baking-worker=262144"
    "memorysetup-bucket-allocator-granularity=16"
    "memorysetup-bucket-allocator-bucket-count=8"
    "memorysetup-bucket-allocator-block-size=33554432"
    "memorysetup-bucket-allocator-block-count=8"
    "memorysetup-main-allocator-block-size=16777216"
    "memorysetup-thread-allocator-block-size=16777216"
    "memorysetup-gfx-main-allocator-block-size=16777216"
    "memorysetup-gfx-thread-allocator-block-size=16777216"
    "memorysetup-cache-allocator-block-size=4194304"
    "memorysetup-typetree-allocator-block-size=2097152"
    "memorysetup-profiler-bucket-allocator-granularity=16"
    "memorysetup-profiler-bucket-allocator-bucket-count=8"
    "memorysetup-profiler-bucket-allocator-block-size=33554432"
    "memorysetup-profiler-bucket-allocator-block-count=8"
    "memorysetup-profiler-allocator-block-size=16777216"
    "memorysetup-profiler-editor-allocator-block-size=1048576"
    "memorysetup-temp-allocator-size-main=16777216"
    "memorysetup-job-temp-allocator-block-size=2097152"
    "memorysetup-job-temp-allocator-block-size-background=1048576"
    "memorysetup-job-temp-allocator-reduction-small-platforms=262144"
    "memorysetup-temp-allocator-size-cloud-worker=32768"
Player connection [14672]  Target information:

Player connection [14672]  * "[IP] 10.10.21.254 [Port] 0 [Flags] 2 [Guid] 2094048332 [EditorId] 2094048332 [Version] 1048832 [Id] WindowsEditor(7,DESKTOP-OPEMIRU) [Debug] 1 [PackageName] WindowsEditor [ProjectName] Editor" 

Player connection [14672] Host joined multi-casting on [225.0.0.222:54997]...
Player connection [14672] Host joined alternative multi-casting on [225.0.0.222:34997]...
JobSystem: Creating JobQueue using job-worker-count value 3
Input System module state changed to: Initialized.
[Physics::Module] Initialized fallback backend.
[Physics::Module] Id: 0xdecafbad
Library Redirect Path: Library/
[Physics::Module] Selected backend.
[Physics::Module] Name: PhysX
[Physics::Module] Id: 0xf2b8ea05
[Physics::Module] SDK Version: 4.1.2
[Physics::Module] Integration Version: 1.0.0
[Physics::Module] Threading Mode: Multi-Threaded
Refreshing native plugins compatible for Editor in 29.54 ms, found 3 plugins.
Preloading 0 native plugins for Editor in 0.01 ms.
Initialize engine version: 6000.3.10f1 (e35f0c77bd8e)
[Subsystems] Discovering subsystems at path C:/Program Files/Unity/Hub/Editor/6000.3.10f1/Editor/Data/Resources/UnitySubsystems
[Subsystems] Discovering subsystems at path C:/Users/User/Documents/GitHub/GameJam-3A/GameJam-3A/Assets
GfxDevice: creating device client; kGfxThreadingModeNonThreaded
Direct3D:
    Version:  Direct3D 11.0 [level 11.1]
    Renderer: AMD Radeon(TM) Vega 10 Graphics (ID=0x15dd)
    Vendor:   ATI
    VRAM:     3550 MB
    Driver:   31.0.21924.61
Initialize mono
Mono path[0] = 'C:/Program Files/Unity/Hub/Editor/6000.3.10f1/Editor/Data/Managed'
Mono path[1] = 'C:/Program Files/Unity/Hub/Editor/6000.3.10f1/Editor/Data/MonoBleedingEdge/lib/mono/unityjit-win32'
Mono config path = 'C:/Program Files/Unity/Hub/Editor/6000.3.10f1/Editor/Data/MonoBleedingEdge/etc'
Using monoOptions --debugger-agent=transport=dt_socket,embedding=1,server=y,suspend=n,address=127.0.0.1:56696
Begin MonoManager ReloadAssembly
Registering precompiled unity dll's ...
Register platform support module: C:/Program Files/Unity/Hub/Editor/6000.3.10f1/Editor/Data/PlaybackEngines/WindowsStandaloneSupport/UnityEditor.WindowsStandalone.Extensions.dll
Registered in 0.007751 seconds.
[Licensing::Client] Handshaking with LicensingClient:
  Version:                 1.17.4+4293ba1
  Session Id:              c12309240df64a218745bd081b29ed4b
  Correlation Id:          9b7f7a0979af9cf2a2216a51de16e9a8
  External correlation Id: 5789090852542860340
  Machine Id:              r8Od1wQiYeTCXT12LrqpjYFsCqM=
[Licensing::Module] Successfully connected to LicensingClient on channel: "LicenseClient-User" (connect: 0.00s, validation: 0.01s, handshake: 2.89s)
[Licensing::IpcConnector] Successfully connected to: "LicenseClient-User-notifications" at "2026-02-28T19:22:39.6633062Z"
[Licensing::Module] Licensing Background thread has ended after 2.90s
- Loaded All Assemblies, in  1.425 seconds
Native extension for WindowsStandalone target not found
ScheduleIndexationOnStartup MainProcess:False IndexOnStartup:True
Mono: successfully reloaded assembly
- Finished resetting the current domain, in  1.173 seconds
Domain Reload Profiling: 2590ms
	BeginReloadAssembly (537ms)
		ExecutionOrderSort (0ms)
		DisableScriptedObjects (0ms)
		BackupInstance (0ms)
		ReleaseScriptingObjects (0ms)
		CreateAndSetChildDomain (2ms)
	RebuildCommonClasses (113ms)
	RebuildNativeTypeToScriptingClass (27ms)
	initialDomainReloadingComplete (124ms)
	LoadAllAssembliesAndSetupDomain (615ms)
		LoadAssemblies (528ms)
		RebuildTransferFunctionScriptingTraits (0ms)
		AnalyzeDomain (608ms)
			TypeCache.Refresh (604ms)
				TypeCache.ScanAssembly (565ms)
			BuildScriptInfoCaches (0ms)
			ResolveRequiredComponents (2ms)
	FinalizeReload (1174ms)
		ReleaseScriptCaches (0ms)
		RebuildScriptCaches (0ms)
		SetupLoadedEditorAssemblies (1066ms)
			LogAssemblyErrors (0ms)
			InitializePlatformSupportModulesInManaged (112ms)
			SetLoadedEditorAssemblies (13ms)
			BeforeProcessingInitializeOnLoad (289ms)
			ProcessInitializeOnLoadAttributes (452ms)
			ProcessInitializeOnLoadMethodAttributes (200ms)
			AfterProcessingInitializeOnLoad (0ms)
			EditorAssembliesLoaded (0ms)
		ExecutionOrderSort2 (0ms)
		AwakeInstancesAfterBackupRestoration (0ms)
Assembly reference Packages/com.unity.cinemachine/Editor/Samples/ExposeHDRPInternals/HDRP-Editor-ref.asmref has no target assembly definition
========================================================================
Worker process is ready to serve import requests
Import Worker Mode flag is 0x00
Assembly reference Packages/com.unity.cinemachine/Editor/Samples/ExposeHDRPInternals/HDRP-Editor-ref.asmref has no target assembly definition
Assembly reference Packages/com.unity.cinemachine/Editor/Samples/ExposeHDRPInternals/HDRP-Editor-ref.asmref has no target assembly definition
Begin MonoManager ReloadAssembly
[Licensing::Client] Successfully resolved entitlement details
[Licensing::Module] License group:
  Id: 7971752457735-UnityPersXXXX
  Product: Unity Personal
  Type: Assigned
  Expiration: Unlimited
- Loaded All Assemblies, in  2.900 seconds
Assembly reference Packages/com.unity.cinemachine/Editor/Samples/ExposeHDRPInternals/HDRP-Editor-ref.asmref has no target assembly definition
'Packages/com.unity.cinemachine/Editor/Obsolete/CinemachineVirtualCameraBaseEditor.cs' contains partial class of Unity.Object, exactly 1 of the partial classes needs to be in a file with the same filename. This is to know the one that can be referenced from ie. GameObjects
'Packages/com.unity.cinemachine/Editor/Editors/CinemachineVirtualCameraBaseEditor.cs' contains partial class of Unity.Object, exactly 1 of the partial classes needs to be in a file with the same filename. This is to know the one that can be referenced from ie. GameObjects
Refreshing native plugins compatible for Editor in 3.10 ms, found 3 plugins.
Native extension for WindowsStandalone target not found
Assembly reference Packages/com.unity.cinemachine/Editor/Samples/ExposeHDRPInternals/HDRP-Editor-ref.asmref has no target assembly definition
Package Manager log level set to [2]
[Package Manager] Failed to launch server process. Reason: Unity was launched with the -noUpm command-line argument
[Package Manager] Unable to send message (not connected to server process).
[Package Manager] Cannot connect to Unity Package Manager local server
[Package Manager] Failed to launch server process. Reason: Unity was launched with the -noUpm command-line argument
[Package Manager] Unable to send message (not connected to server process).
[Package Manager] Cannot connect to Unity Package Manager local server
ScheduleIndexationOnStartup MainProcess:False IndexOnStartup:True
Mono: successfully reloaded assembly
- Finished resetting the current domain, in  1.900 seconds
Domain Reload Profiling: 4788ms
	BeginReloadAssembly (562ms)
		ExecutionOrderSort (0ms)
		DisableScriptedObjects (21ms)
		BackupInstance (0ms)
		ReleaseScriptingObjects (0ms)
		CreateAndSetChildDomain (73ms)
	RebuildCommonClasses (94ms)
	RebuildNativeTypeToScriptingClass (25ms)
	initialDomainReloadingComplete (80ms)
	LoadAllAssembliesAndSetupDomain (2127ms)
		LoadAssemblies (1616ms)
		RebuildTransferFunctionScriptingTraits (0ms)
		AnalyzeDomain (835ms)
			TypeCache.Refresh (618ms)
				TypeCache.ScanAssembly (569ms)
			BuildScriptInfoCaches (175ms)
			ResolveRequiredComponents (33ms)
	FinalizeReload (1901ms)
		ReleaseScriptCaches (0ms)
		RebuildScriptCaches (0ms)
		SetupLoadedEditorAssemblies (1388ms)
			LogAssemblyErrors (0ms)
			InitializePlatformSupportModulesInManaged (4ms)
			SetLoadedEditorAssemblies (14ms)
			BeforeProcessingInitializeOnLoad (427ms)
			ProcessInitializeOnLoadAttributes (784ms)
			ProcessInitializeOnLoadMethodAttributes (146ms)
			AfterProcessingInitializeOnLoad (13ms)
			EditorAssembliesLoaded (0ms)
		ExecutionOrderSort2 (0ms)
		AwakeInstancesAfterBackupRestoration (12ms)
Launched and connected shader compiler UnityShaderCompiler.exe after 0.02 seconds
Refreshing native plugins compatible for Editor in 4.33 ms, found 3 plugins.
Preloading 0 native plugins for Editor in 0.01 ms.
Unloading 17 Unused Serialized files (Serialized files now loaded: 0)
Unloading 6676 unused Assets / (2.0 MB). Loaded Objects now: 7492.
Memory consumption went from 145.6 MB to 143.5 MB.
Total: 25.890800 ms (FindLiveObjects: 1.790600 ms CreateObjectMapping: 1.918800 ms MarkObjects: 17.541800 ms  DeleteObjects: 4.636800 ms)

========================================================================
Received Import Request.
  Time since last request: 34248.356060 seconds.
  path: Assets/UI Toolkit/Textures/upgrade.png
  artifactKey: Guid(c987129ee37ae9d49aa8e82d896e8633) Importer(2089858483,b0f066a214c2f5e87bad3c948f4d605d)
Start importing Assets/UI Toolkit/Textures/upgrade.png using Guid(c987129ee37ae9d49aa8e82d896e8633) Importer(2089858483,b0f066a214c2f5e87bad3c948f4d605d) (ScriptedImporter) -> (artifact id: 'a68fa7bc46efa8763a7a8f41c3099228') in 0.2487307 seconds
Number of updated asset objects reloaded before import = 0Number of asset objects unloaded after import = 1

========================================================================
Received Import Request.
  Time since last request: 2.162926 seconds.
  path: Assets/UI Toolkit/Textures/upgrade.png
  artifactKey: Guid(c987129ee37ae9d49aa8e82d896e8633) Importer(815301076,1909f56bfc062723c751e8b465ee728b)
Start importing Assets/UI Toolkit/Textures/upgrade.png using Guid(c987129ee37ae9d49aa8e82d896e8633) Importer(815301076,1909f56bfc062723c751e8b465ee728b) (PreviewImporter) -> (artifact id: 'd6592221cd0c878cd72c7b6e2c878c7c') in 0.0480827 seconds
Number of updated asset objects reloaded before import = 0Number of asset objects unloaded after import = 1

========================================================================
Received Import Request.
  Time since last request: 122.970163 seconds.
  path: Assets/UI Toolkit/Textures/upgrade.png
  artifactKey: Guid(c987129ee37ae9d49aa8e82d896e8633) Importer(2089858483,b0f066a214c2f5e87bad3c948f4d605d)
Start importing Assets/UI Toolkit/Textures/upgrade.png using Guid(c987129ee37ae9d49aa8e82d896e8633) Importer(2089858483,b0f066a214c2f5e87bad3c948f4d605d) (ScriptedImporter) -> (artifact id: '0d350e6f00094d7ede508dc16f773f81') in 0.0494714 seconds
Number of updated asset objects reloaded before import = 0Number of asset objects unloaded after import = 1

========================================================================
Received Import Request.
  Time since last request: 1.383530 seconds.
  path: Assets/UI Toolkit/Textures/upgrade.png
  artifactKey: Guid(c987129ee37ae9d49aa8e82d896e8633) Importer(815301076,1909f56bfc062723c751e8b465ee728b)
Start importing Assets/UI Toolkit/Textures/upgrade.png using Guid(c987129ee37ae9d49aa8e82d896e8633) Importer(815301076,1909f56bfc062723c751e8b465ee728b) (PreviewImporter) -> (artifact id: '86a36bb13aa6f586f5f6b4f9dddb6231') in 0.1018573 seconds
Number of updated asset objects reloaded before import = 0Number of asset objects unloaded after import = 2

========================================================================
Received Import Request.
  Time since last request: 16.086217 seconds.
  path: Assets/UI Toolkit/Textures/upgrade.png
  artifactKey: Guid(c987129ee37ae9d49aa8e82d896e8633) Importer(815301076,1909f56bfc062723c751e8b465ee728b)
Start importing Assets/UI Toolkit/Textures/upgrade.png using Guid(c987129ee37ae9d49aa8e82d896e8633) Importer(815301076,1909f56bfc062723c751e8b465ee728b) (PreviewImporter) -> (artifact id: '9b2b97d2e62feb06976560ccf182740b') in 0.0741815 seconds
Number of updated asset objects reloaded before import = 0Number of asset objects unloaded after import = 3

========================================================================
Received Import Request.
  Time since last request: 0.956260 seconds.
  path: Assets/UI Toolkit/Textures/upgrade.png
  artifactKey: Guid(c987129ee37ae9d49aa8e82d896e8633) Importer(2089858483,b0f066a214c2f5e87bad3c948f4d605d)
Start importing Assets/UI Toolkit/Textures/upgrade.png using Guid(c987129ee37ae9d49aa8e82d896e8633) Importer(2089858483,b0f066a214c2f5e87bad3c948f4d605d) (ScriptedImporter) -> (artifact id: '3834fed29122e1230676247af071372d') in 0.0635569 seconds
Number of updated asset objects reloaded before import = 0Number of asset objects unloaded after import = 3

========================================================================
Received Import Request.
  Time since last request: 26.546881 seconds.
  path: Assets/UI Toolkit/Textures/sign.png
  artifactKey: Guid(f530c417de7e46a4ea0dc716cfbe74b6) Importer(2089858483,b0f066a214c2f5e87bad3c948f4d605d)
Start importing Assets/UI Toolkit/Textures/sign.png using Guid(f530c417de7e46a4ea0dc716cfbe74b6) Importer(2089858483,b0f066a214c2f5e87bad3c948f4d605d) (ScriptedImporter) -> (artifact id: '48ed54996f4218de2110822711b86b67') in 0.0261763 seconds
Number of updated asset objects reloaded before import = 0Number of asset objects unloaded after import = 1

========================================================================
Received Import Request.
  Time since last request: 1.224400 seconds.
  path: Assets/UI Toolkit/Textures/sign.png
  artifactKey: Guid(f530c417de7e46a4ea0dc716cfbe74b6) Importer(815301076,1909f56bfc062723c751e8b465ee728b)
Start importing Assets/UI Toolkit/Textures/sign.png using Guid(f530c417de7e46a4ea0dc716cfbe74b6) Importer(815301076,1909f56bfc062723c751e8b465ee728b) (PreviewImporter) -> (artifact id: 'd0201ba0a851133cf3cc877e519153a7') in 0.027489 seconds
Number of updated asset objects reloaded before import = 0Number of asset objects unloaded after import = 2

========================================================================
Received Import Request.
  Time since last request: 5.090933 seconds.
  path: Assets/UI Toolkit/Textures/sign.png
  artifactKey: Guid(f530c417de7e46a4ea0dc716cfbe74b6) Importer(815301076,1909f56bfc062723c751e8b465ee728b)
Start importing Assets/UI Toolkit/Textures/sign.png using Guid(f530c417de7e46a4ea0dc716cfbe74b6) Importer(815301076,1909f56bfc062723c751e8b465ee728b) (PreviewImporter) -> (artifact id: '80497685fb48252a2443af6f7862b903') in 0.0313789 seconds
Number of updated asset objects reloaded before import = 0Number of asset objects unloaded after import = 3

========================================================================
Received Import Request.
  Time since last request: 0.846083 seconds.
  path: Assets/UI Toolkit/Textures/sign.png
  artifactKey: Guid(f530c417de7e46a4ea0dc716cfbe74b6) Importer(2089858483,b0f066a214c2f5e87bad3c948f4d605d)
Start importing Assets/UI Toolkit/Textures/sign.png using Guid(f530c417de7e46a4ea0dc716cfbe74b6) Importer(2089858483,b0f066a214c2f5e87bad3c948f4d605d) (ScriptedImporter) -> (artifact id: 'fdbb82f9178598a1d9d7825a5883c189') in 0.0270005 seconds
Number of updated asset objects reloaded before import = 0Number of asset objects unloaded after import = 3

========================================================================
Received Import Request.
  Time since last request: 90.573492 seconds.
  path: Assets/UI Toolkit/Textures/sign.png
  artifactKey: Guid(f530c417de7e46a4ea0dc716cfbe74b6) Importer(2089858483,b0f066a214c2f5e87bad3c948f4d605d)
Start importing Assets/UI Toolkit/Textures/sign.png using Guid(f530c417de7e46a4ea0dc716cfbe74b6) Importer(2089858483,b0f066a214c2f5e87bad3c948f4d605d) (ScriptedImporter) -> (artifact id: '2ad7bbe39a81109716e9d08629811a1a') in 0.0250138 seconds
Number of updated asset objects reloaded before import = 0Number of asset objects unloaded after import = 1

========================================================================
Received Import Request.
  Time since last request: 1.624569 seconds.
  path: Assets/UI Toolkit/Textures/upgrade.png
  artifactKey: Guid(c987129ee37ae9d49aa8e82d896e8633) Importer(2089858483,b0f066a214c2f5e87bad3c948f4d605d)
Start importing Assets/UI Toolkit/Textures/upgrade.png using Guid(c987129ee37ae9d49aa8e82d896e8633) Importer(2089858483,b0f066a214c2f5e87bad3c948f4d605d) (ScriptedImporter) -> (artifact id: '412b18c0fdf92316cebf1848d0864616') in 0.0254116 seconds
Number of updated asset objects reloaded before import = 0Number of asset objects unloaded after import = 1

========================================================================
Received Import Request.
  Time since last request: 0.197704 seconds.
  path: Assets/UI Toolkit/Textures/sign.png
  artifactKey: Guid(f530c417de7e46a4ea0dc716cfbe74b6) Importer(815301076,1909f56bfc062723c751e8b465ee728b)
Start importing Assets/UI Toolkit/Textures/sign.png using Guid(f530c417de7e46a4ea0dc716cfbe74b6) Importer(815301076,1909f56bfc062723c751e8b465ee728b) (PreviewImporter) -> (artifact id: 'f124d7d1b9e8ed88ac983b1d6481376e') in 0.0266739 seconds
Number of updated asset objects reloaded before import = 0Number of asset objects unloaded after import = 2

========================================================================
Received Import Request.
  Time since last request: 6.326385 seconds.
  path: Assets/UI Toolkit/Textures/sign.png
  artifactKey: Guid(f530c417de7e46a4ea0dc716cfbe74b6) Importer(815301076,1909f56bfc062723c751e8b465ee728b)
Start importing Assets/UI Toolkit/Textures/sign.png using Guid(f530c417de7e46a4ea0dc716cfbe74b6) Importer(815301076,1909f56bfc062723c751e8b465ee728b) (PreviewImporter) -> (artifact id: '8aaf64dbc332f368c6523f061d69b9c9') in 0.0293065 seconds
Number of updated asset objects reloaded before import = 0Number of asset objects unloaded after import = 3

========================================================================
Received Import Request.
  Time since last request: 0.864193 seconds.
  path: Assets/UI Toolkit/Textures/sign.png
  artifactKey: Guid(f530c417de7e46a4ea0dc716cfbe74b6) Importer(2089858483,b0f066a214c2f5e87bad3c948f4d605d)
Start importing Assets/UI Toolkit/Textures/sign.png using Guid(f530c417de7e46a4ea0dc716cfbe74b6) Importer(2089858483,b0f066a214c2f5e87bad3c948f4d605d) (ScriptedImporter) -> (artifact id: '92c1e085f1d0e8fb28628e8e11b730f1') in 0.029185 seconds
Number of updated asset objects reloaded before import = 0Number of asset objects unloaded after import = 3

========================================================================
Received Import Request.
  Time since last request: 8.216883 seconds.
  path: Assets/UI Toolkit/Textures/upgrade.png
  artifactKey: Guid(c987129ee37ae9d49aa8e82d896e8633) Importer(815301076,1909f56bfc062723c751e8b465ee728b)
Start importing Assets/UI Toolkit/Textures/upgrade.png using Guid(c987129ee37ae9d49aa8e82d896e8633) Importer(815301076,1909f56bfc062723c751e8b465ee728b) (PreviewImporter) -> (artifact id: '97c23c43953d4253a27daa2f1a2410fd') in 0.0248017 seconds
Number of updated asset objects reloaded before import = 0Number of asset objects unloaded after import = 2

========================================================================
Received Import Request.
  Time since last request: 16.066743 seconds.
  path: Assets/UI Toolkit/Textures/upgrade.png
  artifactKey: Guid(c987129ee37ae9d49aa8e82d896e8633) Importer(815301076,1909f56bfc062723c751e8b465ee728b)
Start importing Assets/UI Toolkit/Textures/upgrade.png using Guid(c987129ee37ae9d49aa8e82d896e8633) Importer(815301076,1909f56bfc062723c751e8b465ee728b) (PreviewImporter) -> (artifact id: 'b1b9452cf0ae1016062b0e5b07f268ae') in 0.0308412 seconds
Number of updated asset objects reloaded before import = 0Number of asset objects unloaded after import = 3

========================================================================
Received Import Request.
  Time since last request: 0.854429 seconds.
  path: Assets/UI Toolkit/Textures/upgrade.png
  artifactKey: Guid(c987129ee37ae9d49aa8e82d896e8633) Importer(2089858483,b0f066a214c2f5e87bad3c948f4d605d)
Start importing Assets/UI Toolkit/Textures/upgrade.png using Guid(c987129ee37ae9d49aa8e82d896e8633) Importer(2089858483,b0f066a214c2f5e87bad3c948f4d605d) (ScriptedImporter) -> (artifact id: 'e4cdb55e0a22c2b8b1ce0722887ff1b2') in 0.0254437 seconds
Number of updated asset objects reloaded before import = 0Number of asset objects unloaded after import = 3

========================================================================
Received Import Request.
  Time since last request: 86.067828 seconds.
  path: Assets/UI Toolkit/Textures/upgrade.png
  artifactKey: Guid(c987129ee37ae9d49aa8e82d896e8633) Importer(2089858483,b0f066a214c2f5e87bad3c948f4d605d)
Start importing Assets/UI Toolkit/Textures/upgrade.png using Guid(c987129ee37ae9d49aa8e82d896e8633) Importer(2089858483,b0f066a214c2f5e87bad3c948f4d605d) (ScriptedImporter) -> (artifact id: 'b772669adfc6d5aa6da5c5f6d0bbbcb1') in 0.024739 seconds
Number of updated asset objects reloaded before import = 0Number of asset objects unloaded after import = 1

========================================================================
Received Import Request.
  Time since last request: 0.183035 seconds.
  path: Assets/UI Toolkit/Textures/upgrade.png
  artifactKey: Guid(c987129ee37ae9d49aa8e82d896e8633) Importer(815301076,1909f56bfc062723c751e8b465ee728b)
Start importing Assets/UI Toolkit/Textures/upgrade.png using Guid(c987129ee37ae9d49aa8e82d896e8633) Importer(815301076,1909f56bfc062723c751e8b465ee728b) (PreviewImporter) -> (artifact id: '4febcadd3706672e5e22f2d443bf29c9') in 0.0244976 seconds
Number of updated asset objects reloaded before import = 0Number of asset objects unloaded after import = 2

========================================================================
Received Import Request.
  Time since last request: 5.429446 seconds.
  path: Assets/UI Toolkit/Textures/upgrade.png
  artifactKey: Guid(c987129ee37ae9d49aa8e82d896e8633) Importer(815301076,1909f56bfc062723c751e8b465ee728b)
Start importing Assets/UI Toolkit/Textures/upgrade.png using Guid(c987129ee37ae9d49aa8e82d896e8633) Importer(815301076,1909f56bfc062723c751e8b465ee728b) (PreviewImporter) -> (artifact id: '22b175030ef8b621e2147ccbca13a228') in 0.0291852 seconds
Number of updated asset objects reloaded before import = 0Number of asset objects unloaded after import = 3

========================================================================
Received Import Request.
  Time since last request: 0.864086 seconds.
  path: Assets/UI Toolkit/Textures/upgrade.png
  artifactKey: Guid(c987129ee37ae9d49aa8e82d896e8633) Importer(2089858483,b0f066a214c2f5e87bad3c948f4d605d)
Start importing Assets/UI Toolkit/Textures/upgrade.png using Guid(c987129ee37ae9d49aa8e82d896e8633) Importer(2089858483,b0f066a214c2f5e87bad3c948f4d605d) (ScriptedImporter) -> (artifact id: 'e63e30d62681ce6e1a5a7cd8bdda2a54') in 0.0276032 seconds
Number of updated asset objects reloaded before import = 0Number of asset objects unloaded after import = 3

========================================================================
Received Import Request.
  Time since last request: 132.168280 seconds.
  path: Assets/UI Toolkit/Textures/sign.png
  artifactKey: Guid(f530c417de7e46a4ea0dc716cfbe74b6) Importer(815301076,1909f56bfc062723c751e8b465ee728b)
Start importing Assets/UI Toolkit/Textures/sign.png using Guid(f530c417de7e46a4ea0dc716cfbe74b6) Importer(815301076,1909f56bfc062723c751e8b465ee728b) (PreviewImporter) -> (artifact id: '0553d845c598192f5139a22e8a0d2fd3') in 0.0261137 seconds
Number of updated asset objects reloaded before import = 0Number of asset objects unloaded after import = 3

========================================================================
Received Import Request.
  Time since last request: 0.809842 seconds.
  path: Assets/UI Toolkit/Textures/sign.png
  artifactKey: Guid(f530c417de7e46a4ea0dc716cfbe74b6) Importer(2089858483,b0f066a214c2f5e87bad3c948f4d605d)
Start importing Assets/UI Toolkit/Textures/sign.png using Guid(f530c417de7e46a4ea0dc716cfbe74b6) Importer(2089858483,b0f066a214c2f5e87bad3c948f4d605d) (ScriptedImporter) -> (artifact id: 'bdfcbf13e1e1775e21faf8d5d785a11e') in 0.028861 seconds
Number of updated asset objects reloaded before import = 0Number of asset objects unloaded after import = 3

========================================================================
Received Import Request.
  Time since last request: 894.731638 seconds.
  path: Assets/UI Toolkit/ShopStyle.uss
  artifactKey: Guid(9ba7c7d162c7f234b8745e971153a8c0) Importer(2089858483,b0f066a214c2f5e87bad3c948f4d605d)
Start importing Assets/UI Toolkit/ShopStyle.uss using Guid(9ba7c7d162c7f234b8745e971153a8c0) Importer(2089858483,b0f066a214c2f5e87bad3c948f4d605d) (ScriptedImporter) -> (artifact id: 'fc4c40930b876339e89d9118d30b78ac') in 0.0858613 seconds
Number of updated asset objects reloaded before import = 0Number of asset objects unloaded after import = 1

========================================================================
Received Import Request.
  Time since last request: 39.526566 seconds.
  path: Assets/UI Toolkit/Container.uxml
  artifactKey: Guid(86043b4bbe2ea484b8d54071cdedbe23) Importer(815301076,1909f56bfc062723c751e8b465ee728b)
Start importing Assets/UI Toolkit/Container.uxml using Guid(86043b4bbe2ea484b8d54071cdedbe23) Importer(815301076,1909f56bfc062723c751e8b465ee728b) (PreviewImporter) -> (artifact id: '7f53a4859ac53c1a4d356b2971997a66') in 0.2866722 seconds
Number of updated asset objects reloaded before import = 0Number of asset objects unloaded after import = 2

========================================================================
Received Import Request.
  Time since last request: 0.400546 seconds.
  path: Assets/UI Toolkit/Container.uxml
  artifactKey: Guid(86043b4bbe2ea484b8d54071cdedbe23) Importer(2089858483,b0f066a214c2f5e87bad3c948f4d605d)
Start importing Assets/UI Toolkit/Container.uxml using Guid(86043b4bbe2ea484b8d54071cdedbe23) Importer(2089858483,b0f066a214c2f5e87bad3c948f4d605d) (ScriptedImporter) -> (artifact id: '38770be7a1db1154531bf252adebede9') in 0.0287982 seconds
Number of updated asset objects reloaded before import = 0Number of asset objects unloaded after import = 2

========================================================================
Received Import Request.
  Time since last request: 578.128836 seconds.
  path: Assets/UI Toolkit/ContainerStyle.uss
  artifactKey: Guid(85b164149d2a5b7459bfc454670c2328) Importer(2089858483,b0f066a214c2f5e87bad3c948f4d605d)
Start importing Assets/UI Toolkit/ContainerStyle.uss using Guid(85b164149d2a5b7459bfc454670c2328) Importer(2089858483,b0f066a214c2f5e87bad3c948f4d605d) (ScriptedImporter) -> (artifact id: '0d6a4770e048fb9a23a476a9ee78670a') in 0.0389381 seconds
Number of updated asset objects reloaded before import = 0Number of asset objects unloaded after import = 1

========================================================================
Received Import Request.
  Time since last request: 218.371038 seconds.
  path: Assets/UI Toolkit/Container.uxml
  artifactKey: Guid(86043b4bbe2ea484b8d54071cdedbe23) Importer(815301076,1909f56bfc062723c751e8b465ee728b)
Start importing Assets/UI Toolkit/Container.uxml using Guid(86043b4bbe2ea484b8d54071cdedbe23) Importer(815301076,1909f56bfc062723c751e8b465ee728b) (PreviewImporter) -> (artifact id: 'f34bf34cce6eda624e6be551789c6d6d') in 0.0138835 seconds
Number of updated asset objects reloaded before import = 0Number of asset objects unloaded after import = 6

========================================================================
Received Import Request.
  Time since last request: 0.735512 seconds.
  path: Assets/UI Toolkit/Container.uxml
  artifactKey: Guid(86043b4bbe2ea484b8d54071cdedbe23) Importer(2089858483,b0f066a214c2f5e87bad3c948f4d605d)
Start importing Assets/UI Toolkit/Container.uxml using Guid(86043b4bbe2ea484b8d54071cdedbe23) Importer(2089858483,b0f066a214c2f5e87bad3c948f4d605d) (ScriptedImporter) -> (artifact id: 'b8c36cd28f3be42fdcdb99b5717cfb25') in 0.0278526 seconds
Number of updated asset objects reloaded before import = 0Number of asset objects unloaded after import = 6

========================================================================
Received Import Request.
  Time since last request: 3.020745 seconds.
  path: Assets/UI Toolkit/Shop.uxml
  artifactKey: Guid(06ac67c9dd1ea4446830f54bd62239ae) Importer(815301076,1909f56bfc062723c751e8b465ee728b)
Start importing Assets/UI Toolkit/Shop.uxml using Guid(06ac67c9dd1ea4446830f54bd62239ae) Importer(815301076,1909f56bfc062723c751e8b465ee728b) (PreviewImporter) -> (artifact id: '785b5cd1c53a031b74b06dae8da89458') in 0.00383 seconds
Number of updated asset objects reloaded before import = 0Number of asset objects unloaded after import = 3

========================================================================
Received Import Request.
  Time since last request: 321.745768 seconds.
  path: Assets/UI Toolkit/Shop.uxml
  artifactKey: Guid(06ac67c9dd1ea4446830f54bd62239ae) Importer(815301076,1909f56bfc062723c751e8b465ee728b)
Start importing Assets/UI Toolkit/Shop.uxml using Guid(06ac67c9dd1ea4446830f54bd62239ae) Importer(815301076,1909f56bfc062723c751e8b465ee728b) (PreviewImporter) -> (artifact id: '78285cea48d6edf5b2f1617498454258') in 0.0254978 seconds
Number of updated asset objects reloaded before import = 0Number of asset objects unloaded after import = 9

========================================================================
Received Import Request.
  Time since last request: 0.674572 seconds.
  path: Assets/UI Toolkit/Shop.uxml
  artifactKey: Guid(06ac67c9dd1ea4446830f54bd62239ae) Importer(2089858483,b0f066a214c2f5e87bad3c948f4d605d)
Start importing Assets/UI Toolkit/Shop.uxml using Guid(06ac67c9dd1ea4446830f54bd62239ae) Importer(2089858483,b0f066a214c2f5e87bad3c948f4d605d) (ScriptedImporter) -> (artifact id: 'cf393e15828ff27440105fd3d73c4fdf') in 0.0544552 seconds
Number of updated asset objects reloaded before import = 0Number of asset objects unloaded after import = 9

========================================================================
Received Import Request.
  Time since last request: 24.630677 seconds.
  path: Assets/UI Toolkit/Shop.uxml
  artifactKey: Guid(06ac67c9dd1ea4446830f54bd62239ae) Importer(815301076,1909f56bfc062723c751e8b465ee728b)
Start importing Assets/UI Toolkit/Shop.uxml using Guid(06ac67c9dd1ea4446830f54bd62239ae) Importer(815301076,1909f56bfc062723c751e8b465ee728b) (PreviewImporter) -> (artifact id: '0a8efcf754debc41f04547bf7e2c4ecf') in 0.0182296 seconds
Number of updated asset objects reloaded before import = 0Number of asset objects unloaded after import = 9

========================================================================
Received Import Request.
  Time since last request: 0.687401 seconds.
  path: Assets/UI Toolkit/Container.uxml
  artifactKey: Guid(86043b4bbe2ea484b8d54071cdedbe23) Importer(2089858483,b0f066a214c2f5e87bad3c948f4d605d)
Start importing Assets/UI Toolkit/Container.uxml using Guid(86043b4bbe2ea484b8d54071cdedbe23) Importer(2089858483,b0f066a214c2f5e87bad3c948f4d605d) (ScriptedImporter) -> (artifact id: '82dd4f1f613bda779e03b38c4402025c') in 0.0295092 seconds
Number of updated asset objects reloaded before import = 0Number of asset objects unloaded after import = 6

========================================================================
Received Import Request.
  Time since last request: 283.384250 seconds.
  path: Assets/UI Toolkit/Shop.uxml
  artifactKey: Guid(06ac67c9dd1ea4446830f54bd62239ae) Importer(815301076,1909f56bfc062723c751e8b465ee728b)
Start importing Assets/UI Toolkit/Shop.uxml using Guid(06ac67c9dd1ea4446830f54bd62239ae) Importer(815301076,1909f56bfc062723c751e8b465ee728b) (PreviewImporter) -> (artifact id: '79028055e280ea0f1078260b7bc9208c') in 0.0191739 seconds
Number of updated asset objects reloaded before import = 0Number of asset objects unloaded after import = 9

========================================================================
Received Import Request.
  Time since last request: 0.672001 seconds.
  path: Assets/UI Toolkit/Shop.uxml
  artifactKey: Guid(06ac67c9dd1ea4446830f54bd62239ae) Importer(2089858483,b0f066a214c2f5e87bad3c948f4d605d)
Start importing Assets/UI Toolkit/Shop.uxml using Guid(06ac67c9dd1ea4446830f54bd62239ae) Importer(2089858483,b0f066a214c2f5e87bad3c948f4d605d) (ScriptedImporter) -> (artifact id: 'f8588565590ac0998d1b1cbe50a1a6b3') in 0.0295736 seconds
Number of updated asset objects reloaded before import = 0Number of asset objects unloaded after import = 9

========================================================================
Received Import Request.
  Time since last request: 135.829369 seconds.
  path: Assets/UI Toolkit/Shop.uxml
  artifactKey: Guid(06ac67c9dd1ea4446830f54bd62239ae) Importer(815301076,1909f56bfc062723c751e8b465ee728b)
Start importing Assets/UI Toolkit/Shop.uxml using Guid(06ac67c9dd1ea4446830f54bd62239ae) Importer(815301076,1909f56bfc062723c751e8b465ee728b) (PreviewImporter) -> (artifact id: '7f3d30276d252ad115a8c2f2433839b8') in 0.0203404 seconds
Number of updated asset objects reloaded before import = 0Number of asset objects unloaded after import = 9

========================================================================
Received Import Request.
  Time since last request: 0.677486 seconds.
  path: Assets/UI Toolkit/Container.uxml
  artifactKey: Guid(86043b4bbe2ea484b8d54071cdedbe23) Importer(2089858483,b0f066a214c2f5e87bad3c948f4d605d)
Start importing Assets/UI Toolkit/Container.uxml using Guid(86043b4bbe2ea484b8d54071cdedbe23) Importer(2089858483,b0f066a214c2f5e87bad3c948f4d605d) (ScriptedImporter) -> (artifact id: '77403ecb611987e0aa155c54cf1b286c') in 0.0263817 seconds
Number of updated asset objects reloaded before import = 0Number of asset objects unloaded after import = 6

========================================================================
Received Import Request.
  Time since last request: 38.013225 seconds.
  path: Assets/UI Toolkit/Shop.uxml
  artifactKey: Guid(06ac67c9dd1ea4446830f54bd62239ae) Importer(815301076,1909f56bfc062723c751e8b465ee728b)
Start importing Assets/UI Toolkit/Shop.uxml using Guid(06ac67c9dd1ea4446830f54bd62239ae) Importer(815301076,1909f56bfc062723c751e8b465ee728b) (PreviewImporter) -> (artifact id: 'fccf2982fbfbef910fee82cc1d741af2') in 0.0157762 seconds
Number of updated asset objects reloaded before import = 0Number of asset objects unloaded after import = 5

========================================================================
Received Import Request.
  Time since last request: 0.709505 seconds.
  path: Assets/UI Toolkit/Shop.uxml
  artifactKey: Guid(06ac67c9dd1ea4446830f54bd62239ae) Importer(2089858483,b0f066a214c2f5e87bad3c948f4d605d)
Start importing Assets/UI Toolkit/Shop.uxml using Guid(06ac67c9dd1ea4446830f54bd62239ae) Importer(2089858483,b0f066a214c2f5e87bad3c948f4d605d) (ScriptedImporter) -> (artifact id: '409e410cd441130f7a15ae7b995cc7f7') in 0.0343378 seconds
Number of updated asset objects reloaded before import = 0Number of asset objects unloaded after import = 5

========================================================================
Received Import Request.
  Time since last request: 63.468489 seconds.
  path: Assets/UI Toolkit/Container.uxml
  artifactKey: Guid(86043b4bbe2ea484b8d54071cdedbe23) Importer(2089858483,b0f066a214c2f5e87bad3c948f4d605d)
Start importing Assets/UI Toolkit/Container.uxml using Guid(86043b4bbe2ea484b8d54071cdedbe23) Importer(2089858483,b0f066a214c2f5e87bad3c948f4d605d) (ScriptedImporter) -> (artifact id: '7b161caaf0f80c423151e96848de2ca3') in 0.0442173 seconds
Number of updated asset objects reloaded before import = 0Number of asset objects unloaded after import = 6

========================================================================
Received Import Request.
  Time since last request: 75.831153 seconds.
  path: Assets/UI Toolkit/Container.uxml
  artifactKey: Guid(86043b4bbe2ea484b8d54071cdedbe23) Importer(2089858483,b0f066a214c2f5e87bad3c948f4d605d)
Start importing Assets/UI Toolkit/Container.uxml using Guid(86043b4bbe2ea484b8d54071cdedbe23) Importer(2089858483,b0f066a214c2f5e87bad3c948f4d605d) (ScriptedImporter) -> (artifact id: 'aa2e361b6494b0b0cf149c1052800f1a') in 0.0243162 seconds
Number of updated asset objects reloaded before import = 0Number of asset objects unloaded after import = 6

========================================================================
Received Import Request.
  Time since last request: 1110.007400 seconds.
  path: Assets/UI Toolkit/Shop.uxml
  artifactKey: Guid(06ac67c9dd1ea4446830f54bd62239ae) Importer(815301076,1909f56bfc062723c751e8b465ee728b)
Start importing Assets/UI Toolkit/Shop.uxml using Guid(06ac67c9dd1ea4446830f54bd62239ae) Importer(815301076,1909f56bfc062723c751e8b465ee728b) (PreviewImporter) -> (artifact id: 'd13550c0ae82259fe6c04ece376216f0') in 0.0379592 seconds
Number of updated asset objects reloaded before import = 0Number of asset objects unloaded after import = 10

========================================================================
Received Import Request.
  Time since last request: 0.641568 seconds.
  path: Assets/UI Toolkit/ShopStyle.uss
  artifactKey: Guid(9ba7c7d162c7f234b8745e971153a8c0) Importer(2089858483,b0f066a214c2f5e87bad3c948f4d605d)
Start importing Assets/UI Toolkit/ShopStyle.uss using Guid(9ba7c7d162c7f234b8745e971153a8c0) Importer(2089858483,b0f066a214c2f5e87bad3c948f4d605d) (ScriptedImporter) -> (artifact id: '9e44645b35138bd7613a12c0a7dfeb9e') in 0.0283993 seconds
Number of updated asset objects reloaded before import = 0Number of asset objects unloaded after import = 1

========================================================================
Received Import Request.
  Time since last request: 739.226740 seconds.
  path: Assets/UI Toolkit/Shop.uxml
  artifactKey: Guid(06ac67c9dd1ea4446830f54bd62239ae) Importer(815301076,1909f56bfc062723c751e8b465ee728b)
Start importing Assets/UI Toolkit/Shop.uxml using Guid(06ac67c9dd1ea4446830f54bd62239ae) Importer(815301076,1909f56bfc062723c751e8b465ee728b) (PreviewImporter) -> (artifact id: 'c51f876db7b6bfbdb0badce775d05373') in 0.0117123 seconds
Number of updated asset objects reloaded before import = 0Number of asset objects unloaded after import = 7

========================================================================
Received Import Request.
  Time since last request: 0.682293 seconds.
  path: Assets/UI Toolkit/ShopStyle.uss
  artifactKey: Guid(9ba7c7d162c7f234b8745e971153a8c0) Importer(2089858483,b0f066a214c2f5e87bad3c948f4d605d)
Start importing Assets/UI Toolkit/ShopStyle.uss using Guid(9ba7c7d162c7f234b8745e971153a8c0) Importer(2089858483,b0f066a214c2f5e87bad3c948f4d605d) (ScriptedImporter) -> (artifact id: '2e489036d339c7ebc401bbfe4ecc0e6d') in 0.0390596 seconds
Number of updated asset objects reloaded before import = 0Number of asset objects unloaded after import = 1

========================================================================
Received Import Request.
  Time since last request: 318.573361 seconds.
  path: Assets/UI Toolkit/Textures/X.png
  artifactKey: Guid(5f9a2d1f66df5af4d8ab2b47c56bdadc) Importer(2089858483,b0f066a214c2f5e87bad3c948f4d605d)
Start importing Assets/UI Toolkit/Textures/X.png using Guid(5f9a2d1f66df5af4d8ab2b47c56bdadc) Importer(2089858483,b0f066a214c2f5e87bad3c948f4d605d) (ScriptedImporter) -> (artifact id: '129b61d9b62d0e12a5de1c981079e802') in 0.0278574 seconds
Number of updated asset objects reloaded before import = 0Number of asset objects unloaded after import = 1

========================================================================
Received Import Request.
  Time since last request: 0.814611 seconds.
  path: Assets/UI Toolkit/Textures/X.png
  artifactKey: Guid(5f9a2d1f66df5af4d8ab2b47c56bdadc) Importer(815301076,1909f56bfc062723c751e8b465ee728b)
Start importing Assets/UI Toolkit/Textures/X.png using Guid(5f9a2d1f66df5af4d8ab2b47c56bdadc) Importer(815301076,1909f56bfc062723c751e8b465ee728b) (PreviewImporter) -> (artifact id: '7422ba7d223b83844e526d5b77fa65c2') in 0.0073704 seconds
Number of updated asset objects reloaded before import = 0Number of asset objects unloaded after import = 1

========================================================================
Received Import Request.
  Time since last request: 32.516748 seconds.
  path: Assets/UI Toolkit/Textures/X.png
  artifactKey: Guid(5f9a2d1f66df5af4d8ab2b47c56bdadc) Importer(2089858483,b0f066a214c2f5e87bad3c948f4d605d)
Start importing Assets/UI Toolkit/Textures/X.png using Guid(5f9a2d1f66df5af4d8ab2b47c56bdadc) Importer(2089858483,b0f066a214c2f5e87bad3c948f4d605d) (ScriptedImporter) -> (artifact id: '7b586116271e463b82d891861908984b') in 0.0627263 seconds
Number of updated asset objects reloaded before import = 0Number of asset objects unloaded after import = 1

========================================================================
Received Import Request.
  Time since last request: 1.288949 seconds.
  path: Assets/UI Toolkit/Textures/X.png
  artifactKey: Guid(5f9a2d1f66df5af4d8ab2b47c56bdadc) Importer(815301076,1909f56bfc062723c751e8b465ee728b)
Start importing Assets/UI Toolkit/Textures/X.png using Guid(5f9a2d1f66df5af4d8ab2b47c56bdadc) Importer(815301076,1909f56bfc062723c751e8b465ee728b) (PreviewImporter) -> (artifact id: '0bc0adf73d94efa1378c90813c1b5820') in 0.067197 seconds
Number of updated asset objects reloaded before import = 0Number of asset objects unloaded after import = 2

========================================================================
Received Import Request.
  Time since last request: 6.584585 seconds.
  path: Assets/UI Toolkit/Textures/X.png
  artifactKey: Guid(5f9a2d1f66df5af4d8ab2b47c56bdadc) Importer(815301076,1909f56bfc062723c751e8b465ee728b)
Start importing Assets/UI Toolkit/Textures/X.png using Guid(5f9a2d1f66df5af4d8ab2b47c56bdadc) Importer(815301076,1909f56bfc062723c751e8b465ee728b) (PreviewImporter) -> (artifact id: '3bbe08eb7d1dbce1af24f342b07d25cd') in 0.0543437 seconds
Number of updated asset objects reloaded before import = 0Number of asset objects unloaded after import = 3

========================================================================
Received Import Request.
  Time since last request: 0.835070 seconds.
  path: Assets/UI Toolkit/Textures/X.png
  artifactKey: Guid(5f9a2d1f66df5af4d8ab2b47c56bdadc) Importer(2089858483,b0f066a214c2f5e87bad3c948f4d605d)
Start importing Assets/UI Toolkit/Textures/X.png using Guid(5f9a2d1f66df5af4d8ab2b47c56bdadc) Importer(2089858483,b0f066a214c2f5e87bad3c948f4d605d) (ScriptedImporter) -> (artifact id: '6ebfd98a6739005ab6949a8b4a788fa3') in 0.0274483 seconds
Number of updated asset objects reloaded before import = 0Number of asset objects unloaded after import = 3

========================================================================
Received Import Request.
  Time since last request: 216.269256 seconds.
  path: Assets/UI Toolkit/Shop.uxml
  artifactKey: Guid(06ac67c9dd1ea4446830f54bd62239ae) Importer(2089858483,b0f066a214c2f5e87bad3c948f4d605d)
Start importing Assets/UI Toolkit/Shop.uxml using Guid(06ac67c9dd1ea4446830f54bd62239ae) Importer(2089858483,b0f066a214c2f5e87bad3c948f4d605d) (ScriptedImporter) -> (artifact id: 'c2f5b07f6ca77403898de8e3bd16edf1') in 0.0398916 seconds
Number of updated asset objects reloaded before import = 0Number of asset objects unloaded after import = 8

========================================================================
Received Import Request.
  Time since last request: 52.019281 seconds.
  path: Assets/UI Toolkit/Shop.uxml
  artifactKey: Guid(06ac67c9dd1ea4446830f54bd62239ae) Importer(2089858483,b0f066a214c2f5e87bad3c948f4d605d)
Start importing Assets/UI Toolkit/Shop.uxml using Guid(06ac67c9dd1ea4446830f54bd62239ae) Importer(2089858483,b0f066a214c2f5e87bad3c948f4d605d) (ScriptedImporter) -> (artifact id: '7a3ae8716a1dc43e7a37b06e32cd63fa') in 0.0323209 seconds
Number of updated asset objects reloaded before import = 0Number of asset objects unloaded after import = 8

========================================================================
Received Import Request.
  Time since last request: 135.515827 seconds.
  path: Assets/UI Toolkit/Container.uxml
  artifactKey: Guid(86043b4bbe2ea484b8d54071cdedbe23) Importer(815301076,1909f56bfc062723c751e8b465ee728b)
Start importing Assets/UI Toolkit/Container.uxml using Guid(86043b4bbe2ea484b8d54071cdedbe23) Importer(815301076,1909f56bfc062723c751e8b465ee728b) (PreviewImporter) -> (artifact id: '2f48bcf1d76b94807cfa652a79e7ed06') in 0.0173357 seconds
Number of updated asset objects reloaded before import = 0Number of asset objects unloaded after import = 6

========================================================================
Received Import Request.
  Time since last request: 1.933068 seconds.
  path: Assets/UI Toolkit/UnityThemes
  artifactKey: Guid(19b64d098717053408de7e452d62c217) Importer(815301076,1909f56bfc062723c751e8b465ee728b)
Start importing Assets/UI Toolkit/UnityThemes using Guid(19b64d098717053408de7e452d62c217) Importer(815301076,1909f56bfc062723c751e8b465ee728b) (PreviewImporter) -> (artifact id: '7a1f9f3674e6ea92ea195672e9a75527') in 0.002619 seconds
Number of updated asset objects reloaded before import = 0Number of asset objects unloaded after import = 0

========================================================================
Received Import Request.
  Time since last request: 2.433292 seconds.
  path: Assets/UI
  artifactKey: Guid(fdc71af3c2d6a884a961e351568c8675) Importer(815301076,1909f56bfc062723c751e8b465ee728b)
Start importing Assets/UI using Guid(fdc71af3c2d6a884a961e351568c8675) Importer(815301076,1909f56bfc062723c751e8b465ee728b) (PreviewImporter) -> (artifact id: '9bd21bfb8ea15b05c79f36dcfb3b5bf0') in 0.001301 seconds
Number of updated asset objects reloaded before import = 0Number of asset objects unloaded after import = 0

========================================================================
Received Import Request.
  Time since last request: 26.797877 seconds.
  path: Assets/UI Toolkit/Shop.uxml
  artifactKey: Guid(06ac67c9dd1ea4446830f54bd62239ae) Importer(815301076,1909f56bfc062723c751e8b465ee728b)
Start importing Assets/UI Toolkit/Shop.uxml using Guid(06ac67c9dd1ea4446830f54bd62239ae) Importer(815301076,1909f56bfc062723c751e8b465ee728b) (PreviewImporter) -> (artifact id: '4aab2713a5a4f14655b2d9f58e70e61f') in 0.022467 seconds
Number of updated asset objects reloaded before import = 0Number of asset objects unloaded after import = 8

========================================================================
Received Import Request.
  Time since last request: 2.731659 seconds.
  path: Assets/UI Toolkit/PanelSettings.asset
  artifactKey: Guid(023b7936bad234440a0bddac49ff0746) Importer(815301076,1909f56bfc062723c751e8b465ee728b)
Start importing Assets/UI Toolkit/PanelSettings.asset using Guid(023b7936bad234440a0bddac49ff0746) Importer(815301076,1909f56bfc062723c751e8b465ee728b) (PreviewImporter) -> (artifact id: '5ce5383165da4e41b27a0d6c65859d37') in 0.2278972 seconds
Number of updated asset objects reloaded before import = 0Number of asset objects unloaded after import = 29

========================================================================
Received Import Request.
  Time since last request: 21.156269 seconds.
  path: Assets/UI Toolkit/GUI.uxml
  artifactKey: Guid(29da3a5b1f03be64097470817567ebe3) Importer(815301076,1909f56bfc062723c751e8b465ee728b)
Start importing Assets/UI Toolkit/GUI.uxml using Guid(29da3a5b1f03be64097470817567ebe3) Importer(815301076,1909f56bfc062723c751e8b465ee728b) (PreviewImporter) -> (artifact id: '1ce5daef312c474642fa7e9e7898fb1a') in 0.0040204 seconds
Number of updated asset objects reloaded before import = 0Number of asset objects unloaded after import = 2

========================================================================
Received Import Request.
  Time since last request: 0.698142 seconds.
  path: Assets/UI Toolkit/GUI.uxml
  artifactKey: Guid(29da3a5b1f03be64097470817567ebe3) Importer(2089858483,b0f066a214c2f5e87bad3c948f4d605d)
Start importing Assets/UI Toolkit/GUI.uxml using Guid(29da3a5b1f03be64097470817567ebe3) Importer(2089858483,b0f066a214c2f5e87bad3c948f4d605d) (ScriptedImporter) -> (artifact id: '8affff396e53496c26f9d4af4b3492f3') in 0.0230372 seconds
Number of updated asset objects reloaded before import = 0Number of asset objects unloaded after import = 2

========================================================================
Received Import Request.
  Time since last request: 101.170387 seconds.
  path: Assets/UI Toolkit/GUIStyle.uss
  artifactKey: Guid(ec5d4166785bfe74b8820843d70990c2) Importer(2089858483,b0f066a214c2f5e87bad3c948f4d605d)
Start importing Assets/UI Toolkit/GUIStyle.uss using Guid(ec5d4166785bfe74b8820843d70990c2) Importer(2089858483,b0f066a214c2f5e87bad3c948f4d605d) (ScriptedImporter) -> (artifact id: '4769e5ba1f1ff6789ceac4deb04f030d') in 0.0300122 seconds
Number of updated asset objects reloaded before import = 0Number of asset objects unloaded after import = 1

========================================================================
Received Import Request.
  Time since last request: 545.549315 seconds.
  path: Assets/UI Toolkit/GUI.uxml
  artifactKey: Guid(29da3a5b1f03be64097470817567ebe3) Importer(815301076,1909f56bfc062723c751e8b465ee728b)
Start importing Assets/UI Toolkit/GUI.uxml using Guid(29da3a5b1f03be64097470817567ebe3) Importer(815301076,1909f56bfc062723c751e8b465ee728b) (PreviewImporter) -> (artifact id: '54d1ece513e4c65f05a8069d724b7756') in 0.0066999 seconds
Number of updated asset objects reloaded before import = 0Number of asset objects unloaded after import = 5

========================================================================
Received Import Request.
  Time since last request: 0.802409 seconds.
  path: Assets/UI Toolkit/GUI.uxml
  artifactKey: Guid(29da3a5b1f03be64097470817567ebe3) Importer(2089858483,b0f066a214c2f5e87bad3c948f4d605d)
Start importing Assets/UI Toolkit/GUI.uxml using Guid(29da3a5b1f03be64097470817567ebe3) Importer(2089858483,b0f066a214c2f5e87bad3c948f4d605d) (ScriptedImporter) -> (artifact id: '29a889670f80eeaedcbcc57db84efc59') in 0.0321854 seconds
Number of updated asset objects reloaded before import = 0Number of asset objects unloaded after import = 5

========================================================================
Received Import Request.
  Time since last request: 79.223530 seconds.
  path: Assets/UI Toolkit/GUI.uxml
  artifactKey: Guid(29da3a5b1f03be64097470817567ebe3) Importer(815301076,1909f56bfc062723c751e8b465ee728b)
Start importing Assets/UI Toolkit/GUI.uxml using Guid(29da3a5b1f03be64097470817567ebe3) Importer(815301076,1909f56bfc062723c751e8b465ee728b) (PreviewImporter) -> (artifact id: '3ec631087cdcc61ef250c161983c74d1') in 0.0062452 seconds
Number of updated asset objects reloaded before import = 0Number of asset objects unloaded after import = 5

========================================================================
Received Import Request.
  Time since last request: 0.726069 seconds.
  path: Assets/UI Toolkit/GUI.uxml
  artifactKey: Guid(29da3a5b1f03be64097470817567ebe3) Importer(2089858483,b0f066a214c2f5e87bad3c948f4d605d)
Start importing Assets/UI Toolkit/GUI.uxml using Guid(29da3a5b1f03be64097470817567ebe3) Importer(2089858483,b0f066a214c2f5e87bad3c948f4d605d) (ScriptedImporter) -> (artifact id: 'f6c75ed55acbed295433a8f71ecf5ceb') in 0.0388721 seconds
Number of updated asset objects reloaded before import = 0Number of asset objects unloaded after import = 5

========================================================================
Received Import Request.
  Time since last request: 118.074680 seconds.
  path: Assets/UI Toolkit/GUI.uxml
  artifactKey: Guid(29da3a5b1f03be64097470817567ebe3) Importer(815301076,1909f56bfc062723c751e8b465ee728b)
Start importing Assets/UI Toolkit/GUI.uxml using Guid(29da3a5b1f03be64097470817567ebe3) Importer(815301076,1909f56bfc062723c751e8b465ee728b) (PreviewImporter) -> (artifact id: '0e1db014dab341d5b1ca2fa92a507ad7') in 0.0068999 seconds
Number of updated asset objects reloaded before import = 0Number of asset objects unloaded after import = 5

========================================================================
Received Import Request.
  Time since last request: 0.775267 seconds.
  path: Assets/UI Toolkit/GUI.uxml
  artifactKey: Guid(29da3a5b1f03be64097470817567ebe3) Importer(2089858483,b0f066a214c2f5e87bad3c948f4d605d)
Start importing Assets/UI Toolkit/GUI.uxml using Guid(29da3a5b1f03be64097470817567ebe3) Importer(2089858483,b0f066a214c2f5e87bad3c948f4d605d) (ScriptedImporter) -> (artifact id: '0622ce05a7be65fb6ce1cfc8732d8615') in 0.0458017 seconds
Number of updated asset objects reloaded before import = 0Number of asset objects unloaded after import = 5

========================================================================
Received Import Request.
  Time since last request: 16.989328 seconds.
  path: Assets/Scenes/Shop.unity
  artifactKey: Guid(834893914d4bd3347bbab6394b7ef5fa) Importer(2089858483,b0f066a214c2f5e87bad3c948f4d605d)
Start importing Assets/Scenes/Shop.unity using Guid(834893914d4bd3347bbab6394b7ef5fa) Importer(2089858483,b0f066a214c2f5e87bad3c948f4d605d) (ScriptedImporter) -> (artifact id: 'a23155fdf098a35f8637e514c6df73fe') in 0.0779115 seconds
Number of updated asset objects reloaded before import = 0Number of asset objects unloaded after import = 1

