Built from '6000.3/staging' branch; Version is '6000.3.10f1 (e35f0c77bd8e) revision 14901004'; Using compiler version '194234433'; Build Type 'Release'
[Licensing::Module] Trying to connect to existing licensing client channel...
OS: 'Windows 10  (10.0.19045) 64bit Professional' Language: 'sk' Physical Memory: 7101 MB
BatchMode: 1, IsHumanControllingUs: 0, StartBugReporterOnCrash: 0, Is64bit: 1
System  architecture: x64
Process architecture: x64
Date: 2026-02-28T15:49:21Z
[Licensing::IpcConnector] Successfully connected to: "LicenseClient-User" at "2026-02-28T15:49:21.3004218Z"

COMMAND LINE ARGUMENTS:
C:\Program Files\Unity\Hub\Editor\6000.3.10f1\Editor\Unity.exe
-adb2
-batchMode
-noUpm
-name
AssetImportWorker5
-projectPath
C:/Users/User/Documents/GitHub/GameJam-3A/GameJam-3A
-logFile
Logs/AssetImportWorker5.log
-srvPort
51895
-licensingIpc
LicenseClient-User
-job-worker-count
3
-background-job-worker-count
8
-gc-helper-count
1
-name
AssetImport
Successfully changed project path to: C:/Users/User/Documents/GitHub/GameJam-3A/GameJam-3A
C:/Users/User/Documents/GitHub/GameJam-3A/GameJam-3A
[UnityMemory] Configuration Parameters - Can be set up in boot.config
    "memorysetup-temp-allocator-size-nav-mesh-worker=65536"
    "memorysetup-temp-allocator-size-audio-worker=65536"
    "memorysetup-temp-allocator-size-gfx=262144"
    "memorysetup-allocator-temp-initial-block-size-main=262144"
    "memorysetup-allocator-temp-initial-block-size-worker=262144"
    "memorysetup-temp-allocator-size-background-worker=32768"
    "memorysetup-temp-allocator-size-job-worker=262144"
    "memorysetup-temp-allocator-size-preload-manager=33554432"
    "memorysetup-temp-allocator-size-gi-baking-worker=262144"
    "memorysetup-temp-allocator-size-gi-baking-worker=262144"
    "memorysetup-temp-allocator-size-gi-baking-worker=262144"
    "memorysetup-temp-allocator-size-gi-baking-worker=262144"
    "memorysetup-temp-allocator-size-gi-baking-worker=262144"
    "memorysetup-bucket-allocator-granularity=16"
    "memorysetup-bucket-allocator-bucket-count=8"
    "memorysetup-bucket-allocator-block-size=33554432"
    "memorysetup-bucket-allocator-block-count=8"
    "memorysetup-main-allocator-block-size=16777216"
    "memorysetup-thread-allocator-block-size=16777216"
    "memorysetup-gfx-main-allocator-block-size=16777216"
    "memorysetup-gfx-thread-allocator-block-size=16777216"
    "memorysetup-cache-allocator-block-size=4194304"
    "memorysetup-typetree-allocator-block-size=2097152"
    "memorysetup-profiler-bucket-allocator-granularity=16"
    "memorysetup-profiler-bucket-allocator-bucket-count=8"
    "memorysetup-profiler-bucket-allocator-block-size=33554432"
    "memorysetup-profiler-bucket-allocator-block-count=8"
    "memorysetup-profiler-allocator-block-size=16777216"
    "memorysetup-profiler-editor-allocator-block-size=1048576"
    "memorysetup-temp-allocator-size-main=16777216"
    "memorysetup-job-temp-allocator-block-size=2097152"
    "memorysetup-job-temp-allocator-block-size-background=1048576"
    "memorysetup-job-temp-allocator-reduction-small-platforms=262144"
    "memorysetup-temp-allocator-size-cloud-worker=32768"
Player connection [9500]  Target information:

Player connection [9500]  * "[IP] 10.10.21.254 [Port] 0 [Flags] 2 [Guid] 3749459472 [EditorId] 3749459472 [Version] 1048832 [Id] WindowsEditor(7,DESKTOP-OPEMIRU) [Debug] 1 [PackageName] WindowsEditor [ProjectName] Editor" 

Player connection [9500] Host joined multi-casting on [225.0.0.222:54997]...
Player connection [9500] Host joined alternative multi-casting on [225.0.0.222:34997]...
JobSystem: Creating JobQueue using job-worker-count value 3
Input System module state changed to: Initialized.
[Physics::Module] Initialized fallback backend.
[Physics::Module] Id: 0xdecafbad
Library Redirect Path: Library/
[Physics::Module] Selected backend.
[Physics::Module] Name: PhysX
[Physics::Module] Id: 0xf2b8ea05
[Physics::Module] SDK Version: 4.1.2
[Physics::Module] Integration Version: 1.0.0
[Physics::Module] Threading Mode: Multi-Threaded
Refreshing native plugins compatible for Editor in 6.84 ms, found 3 plugins.
Preloading 0 native plugins for Editor in 0.00 ms.
Initialize engine version: 6000.3.10f1 (e35f0c77bd8e)
[Subsystems] Discovering subsystems at path C:/Program Files/Unity/Hub/Editor/6000.3.10f1/Editor/Data/Resources/UnitySubsystems
[Subsystems] Discovering subsystems at path C:/Users/User/Documents/GitHub/GameJam-3A/GameJam-3A/Assets
GfxDevice: creating device client; kGfxThreadingModeNonThreaded
Direct3D:
    Version:  Direct3D 11.0 [level 11.1]
    Renderer: AMD Radeon(TM) Vega 10 Graphics (ID=0x15dd)
    Vendor:   ATI
    VRAM:     3550 MB
    Driver:   31.0.21924.61
Initialize mono
Mono path[0] = 'C:/Program Files/Unity/Hub/Editor/6000.3.10f1/Editor/Data/Managed'
Mono path[1] = 'C:/Program Files/Unity/Hub/Editor/6000.3.10f1/Editor/Data/MonoBleedingEdge/lib/mono/unityjit-win32'
Mono config path = 'C:/Program Files/Unity/Hub/Editor/6000.3.10f1/Editor/Data/MonoBleedingEdge/etc'
Using monoOptions --debugger-agent=transport=dt_socket,embedding=1,server=y,suspend=n,address=127.0.0.1:56588
Begin MonoManager ReloadAssembly
Registering precompiled unity dll's ...
Register platform support module: C:/Program Files/Unity/Hub/Editor/6000.3.10f1/Editor/Data/PlaybackEngines/WindowsStandaloneSupport/UnityEditor.WindowsStandalone.Extensions.dll
Registered in 0.013116 seconds.
- Loaded All Assemblies, in  4.264 seconds
Native extension for WindowsStandalone target not found
[Licensing::Client] Handshaking with LicensingClient:
  Version:                 1.17.4+4293ba1
  Session Id:              a0fb89a7be8a40f39006cb6a5c2a1414
  Correlation Id:          9b7f7a0979af9cf2a2216a51de16e9a8
  External correlation Id: 2876137427096507372
  Machine Id:              r8Od1wQiYeTCXT12LrqpjYFsCqM=
[Licensing::Module] Successfully connected to LicensingClient on channel: "LicenseClient-User" (connect: 0.01s, validation: 0.00s, handshake: 8.22s)
[Licensing::IpcConnector] Successfully connected to: "LicenseClient-User-notifications" at "2026-02-28T15:49:29.5335375Z"
[Licensing::Module] Licensing Background thread has ended after 8.23s
ScheduleIndexationOnStartup MainProcess:False IndexOnStartup:True
Mono: successfully reloaded assembly
- Finished resetting the current domain, in  2.845 seconds
Domain Reload Profiling: 7099ms
	BeginReloadAssembly (2130ms)
		ExecutionOrderSort (0ms)
		DisableScriptedObjects (0ms)
		BackupInstance (0ms)
		ReleaseScriptingObjects (0ms)
		CreateAndSetChildDomain (3ms)
	RebuildCommonClasses (407ms)
	RebuildNativeTypeToScriptingClass (111ms)
	initialDomainReloadingComplete (394ms)
	LoadAllAssembliesAndSetupDomain (1212ms)
		LoadAssemblies (2118ms)
		RebuildTransferFunctionScriptingTraits (0ms)
		AnalyzeDomain (1198ms)
			TypeCache.Refresh (1193ms)
				TypeCache.ScanAssembly (830ms)
			BuildScriptInfoCaches (0ms)
			ResolveRequiredComponents (1ms)
	FinalizeReload (2846ms)
		ReleaseScriptCaches (0ms)
		RebuildScriptCaches (0ms)
		SetupLoadedEditorAssemblies (2428ms)
			LogAssemblyErrors (0ms)
			InitializePlatformSupportModulesInManaged (534ms)
			SetLoadedEditorAssemblies (12ms)
			BeforeProcessingInitializeOnLoad (686ms)
			ProcessInitializeOnLoadAttributes (672ms)
			ProcessInitializeOnLoadMethodAttributes (524ms)
			AfterProcessingInitializeOnLoad (0ms)
			EditorAssembliesLoaded (0ms)
		ExecutionOrderSort2 (0ms)
		AwakeInstancesAfterBackupRestoration (0ms)
Assembly reference Packages/com.unity.cinemachine/Editor/Samples/ExposeHDRPInternals/HDRP-Editor-ref.asmref has no target assembly definition
========================================================================
Worker process is ready to serve import requests
Import Worker Mode flag is 0x00
Assembly reference Packages/com.unity.cinemachine/Editor/Samples/ExposeHDRPInternals/HDRP-Editor-ref.asmref has no target assembly definition
Assembly reference Packages/com.unity.cinemachine/Editor/Samples/ExposeHDRPInternals/HDRP-Editor-ref.asmref has no target assembly definition
Begin MonoManager ReloadAssembly
[Licensing::Client] Successfully resolved entitlement details
[Licensing::Module] License group:
  Id: 7971752457735-UnityPersXXXX
  Product: Unity Personal
  Type: Assigned
  Expiration: Unlimited
- Loaded All Assemblies, in  7.827 seconds
Assembly reference Packages/com.unity.cinemachine/Editor/Samples/ExposeHDRPInternals/HDRP-Editor-ref.asmref has no target assembly definition
'Packages/com.unity.cinemachine/Editor/Obsolete/CinemachineVirtualCameraBaseEditor.cs' contains partial class of Unity.Object, exactly 1 of the partial classes needs to be in a file with the same filename. This is to know the one that can be referenced from ie. GameObjects
'Packages/com.unity.cinemachine/Editor/Editors/CinemachineVirtualCameraBaseEditor.cs' contains partial class of Unity.Object, exactly 1 of the partial classes needs to be in a file with the same filename. This is to know the one that can be referenced from ie. GameObjects
Refreshing native plugins compatible for Editor in 7.42 ms, found 3 plugins.
Native extension for WindowsStandalone target not found
Assembly reference Packages/com.unity.cinemachine/Editor/Samples/ExposeHDRPInternals/HDRP-Editor-ref.asmref has no target assembly definition
Package Manager log level set to [2]
[Package Manager] Failed to launch server process. Reason: Unity was launched with the -noUpm command-line argument
[Package Manager] Unable to send message (not connected to server process).
[Package Manager] Cannot connect to Unity Package Manager local server
[Package Manager] Failed to launch server process. Reason: Unity was launched with the -noUpm command-line argument
[Package Manager] Unable to send message (not connected to server process).
[Package Manager] Cannot connect to Unity Package Manager local server
ScheduleIndexationOnStartup MainProcess:False IndexOnStartup:True
Mono: successfully reloaded assembly
- Finished resetting the current domain, in  5.122 seconds
Domain Reload Profiling: 12953ms
	BeginReloadAssembly (1005ms)
		ExecutionOrderSort (0ms)
		DisableScriptedObjects (37ms)
		BackupInstance (0ms)
		ReleaseScriptingObjects (0ms)
		CreateAndSetChildDomain (150ms)
	RebuildCommonClasses (220ms)
	RebuildNativeTypeToScriptingClass (71ms)
	initialDomainReloadingComplete (218ms)
	LoadAllAssembliesAndSetupDomain (6314ms)
		LoadAssemblies (2861ms)
		RebuildTransferFunctionScriptingTraits (0ms)
		AnalyzeDomain (3981ms)
			TypeCache.Refresh (1944ms)
				TypeCache.ScanAssembly (1845ms)
			BuildScriptInfoCaches (871ms)
			ResolveRequiredComponents (432ms)
	FinalizeReload (5125ms)
		ReleaseScriptCaches (0ms)
		RebuildScriptCaches (0ms)
		SetupLoadedEditorAssemblies (4143ms)
			LogAssemblyErrors (0ms)
			InitializePlatformSupportModulesInManaged (6ms)
			SetLoadedEditorAssemblies (23ms)
			BeforeProcessingInitializeOnLoad (1101ms)
			ProcessInitializeOnLoadAttributes (2723ms)
			ProcessInitializeOnLoadMethodAttributes (248ms)
			AfterProcessingInitializeOnLoad (22ms)
			EditorAssembliesLoaded (1ms)
		ExecutionOrderSort2 (1ms)
		AwakeInstancesAfterBackupRestoration (22ms)
Launched and connected shader compiler UnityShaderCompiler.exe after 0.28 seconds
Refreshing native plugins compatible for Editor in 19.45 ms, found 3 plugins.
Preloading 0 native plugins for Editor in 0.00 ms.
Unloading 17 Unused Serialized files (Serialized files now loaded: 0)
Unloading 6618 unused Assets / (2.1 MB). Loaded Objects now: 7434.
Memory consumption went from 145.3 MB to 143.3 MB.
Total: 147.442500 ms (FindLiveObjects: 12.493100 ms CreateObjectMapping: 2.294500 ms MarkObjects: 115.368200 ms  DeleteObjects: 17.282700 ms)

========================================================================
Received Import Request.
  Time since last request: 20897.126066 seconds.
  path: Assets/Erbeillo Stylize Material Demo Free/Textures/Sand_WStone_roughness.png
  artifactKey: Guid(56410aa0e3994104da1ceb70d028b953) Importer(2089858483,b0f066a214c2f5e87bad3c948f4d605d)
Start importing Assets/Erbeillo Stylize Material Demo Free/Textures/Sand_WStone_roughness.png using Guid(56410aa0e3994104da1ceb70d028b953) Importer(2089858483,b0f066a214c2f5e87bad3c948f4d605d) (ScriptedImporter) -> (artifact id: '38dab70bc071ed4d485628443905ecdd') in 1.3518426 seconds
Number of updated asset objects reloaded before import = 0Number of asset objects unloaded after import = 1

========================================================================
Received Import Request.
  Time since last request: 0.000106 seconds.
  path: Assets/Erbeillo Stylize Material Demo Free/Textures/Wood_Plank_Stylize_v1_AO.png
  artifactKey: Guid(fdfb7b5fea7ca124082699d99f245827) Importer(2089858483,b0f066a214c2f5e87bad3c948f4d605d)
Start importing Assets/Erbeillo Stylize Material Demo Free/Textures/Wood_Plank_Stylize_v1_AO.png using Guid(fdfb7b5fea7ca124082699d99f245827) Importer(2089858483,b0f066a214c2f5e87bad3c948f4d605d) (ScriptedImporter) -> (artifact id: '3f71dd04884d734dbf1ff2aed85997de') in 0.0617335 seconds
Number of updated asset objects reloaded before import = 0Number of asset objects unloaded after import = 1

========================================================================
Received Import Request.
  Time since last request: 0.000046 seconds.
  path: Assets/Erbeillo Stylize Material Demo Free/Textures/Stylized_Stones_Mask.png
  artifactKey: Guid(087f0309e6a1ea84c8839ed186c45e8c) Importer(2089858483,b0f066a214c2f5e87bad3c948f4d605d)
Start importing Assets/Erbeillo Stylize Material Demo Free/Textures/Stylized_Stones_Mask.png using Guid(087f0309e6a1ea84c8839ed186c45e8c) Importer(2089858483,b0f066a214c2f5e87bad3c948f4d605d) (ScriptedImporter) -> (artifact id: '56b5b649b16c74ca95b0cfe1ef1e9f8d') in 0.0878213 seconds
Number of updated asset objects reloaded before import = 0Number of asset objects unloaded after import = 1

========================================================================
Received Import Request.
  Time since last request: 0.000067 seconds.
  path: Assets/Erbeillo Stylize Material Demo Free/Textures/Groundd_Stylize_roughness.png
  artifactKey: Guid(08d523420125d994ca5b5a87595711ce) Importer(2089858483,b0f066a214c2f5e87bad3c948f4d605d)
Start importing Assets/Erbeillo Stylize Material Demo Free/Textures/Groundd_Stylize_roughness.png using Guid(08d523420125d994ca5b5a87595711ce) Importer(2089858483,b0f066a214c2f5e87bad3c948f4d605d) (ScriptedImporter) -> (artifact id: '0eca9742a2ab7547228f10de3a8ab071') in 0.0880529 seconds
Number of updated asset objects reloaded before import = 0Number of asset objects unloaded after import = 1

========================================================================
Received Import Request.
  Time since last request: 0.000057 seconds.
  path: Assets/SFX/jump2.mp3
  artifactKey: Guid(58b2a949f5d3c7540bcaa2efb2bd3206) Importer(2089858483,b0f066a214c2f5e87bad3c948f4d605d)
Start importing Assets/SFX/jump2.mp3 using Guid(58b2a949f5d3c7540bcaa2efb2bd3206) Importer(2089858483,b0f066a214c2f5e87bad3c948f4d605d) (ScriptedImporter) -> (artifact id: '7fb968455d0ff99d24296975c068bcfb') in 0.1091523 seconds
Number of updated asset objects reloaded before import = 0Number of asset objects unloaded after import = 1

========================================================================
Received Import Request.
  Time since last request: 0.000077 seconds.
  path: Assets/SFX/jump1.mp3
  artifactKey: Guid(abc63cf0ab53e6549b0403d5145c0b22) Importer(2089858483,b0f066a214c2f5e87bad3c948f4d605d)
Start importing Assets/SFX/jump1.mp3 using Guid(abc63cf0ab53e6549b0403d5145c0b22) Importer(2089858483,b0f066a214c2f5e87bad3c948f4d605d) (ScriptedImporter) -> (artifact id: '47836cb7bbae583ac4a4b8e05ef4ff54') in 0.106151 seconds
Number of updated asset objects reloaded before import = 0Number of asset objects unloaded after import = 1

========================================================================
Received Import Request.
  Time since last request: 0.000048 seconds.
  path: Assets/SFX/walk.mp3
  artifactKey: Guid(2a64efaf3cf028d4f813940ccbadd7de) Importer(2089858483,b0f066a214c2f5e87bad3c948f4d605d)
Start importing Assets/SFX/walk.mp3 using Guid(2a64efaf3cf028d4f813940ccbadd7de) Importer(2089858483,b0f066a214c2f5e87bad3c948f4d605d) (ScriptedImporter) -> (artifact id: '9592a6315abe435ad19b026845de3ea1') in 0.0905121 seconds
Number of updated asset objects reloaded before import = 0Number of asset objects unloaded after import = 1

========================================================================
Received Import Request.
  Time since last request: 0.000053 seconds.
  path: Assets/Scenes/Underground.unity
  artifactKey: Guid(80f1ae5a6966bc047a66f013e8468993) Importer(2089858483,b0f066a214c2f5e87bad3c948f4d605d)
Start importing Assets/Scenes/Underground.unity using Guid(80f1ae5a6966bc047a66f013e8468993) Importer(2089858483,b0f066a214c2f5e87bad3c948f4d605d) (ScriptedImporter) -> (artifact id: '5537c9c95abb5ba483407f5045ed22be') in 0.0771906 seconds
Number of updated asset objects reloaded before import = 0Number of asset objects unloaded after import = 1

========================================================================
Received Import Request.
  Time since last request: 0.000051 seconds.
  path: Assets/Music/song2.mp3
  artifactKey: Guid(573f94726a3b64644b14ea141adf3d7a) Importer(2089858483,b0f066a214c2f5e87bad3c948f4d605d)
Start importing Assets/Music/song2.mp3 using Guid(573f94726a3b64644b14ea141adf3d7a) Importer(2089858483,b0f066a214c2f5e87bad3c948f4d605d) (ScriptedImporter) -> (artifact id: 'c0653ed1482aa5c4c0ce84309f56d02a') in 0.1278601 seconds
Number of updated asset objects reloaded before import = 0Number of asset objects unloaded after import = 1

========================================================================
Received Import Request.
  Time since last request: 0.000076 seconds.
  path: Assets/SFX/hurt.mp3
  artifactKey: Guid(4f06d17705fe1b54d8413599f349aa3a) Importer(2089858483,b0f066a214c2f5e87bad3c948f4d605d)
Start importing Assets/SFX/hurt.mp3 using Guid(4f06d17705fe1b54d8413599f349aa3a) Importer(2089858483,b0f066a214c2f5e87bad3c948f4d605d) (ScriptedImporter) -> (artifact id: '6859a685006619f30083f110cff793ae') in 0.0736986 seconds
Number of updated asset objects reloaded before import = 0Number of asset objects unloaded after import = 1

========================================================================
Received Import Request.
  Time since last request: 0.000056 seconds.
  path: Assets/SFX/alert.wav
  artifactKey: Guid(d29c35b40b3074d4f91d38ece83769bb) Importer(2089858483,b0f066a214c2f5e87bad3c948f4d605d)
Start importing Assets/SFX/alert.wav using Guid(d29c35b40b3074d4f91d38ece83769bb) Importer(2089858483,b0f066a214c2f5e87bad3c948f4d605d) (ScriptedImporter) -> (artifact id: '88b74f2bc5a52e1d0f59e7d54de2fdff') in 0.1221661 seconds
Number of updated asset objects reloaded before import = 0Number of asset objects unloaded after import = 1

========================================================================
Received Import Request.
  Time since last request: 0.000078 seconds.
  path: Assets/Prefabs/elevator.puller.prefab
  artifactKey: Guid(a3670535e1d5cb8498abf564d838381d) Importer(2089858483,b0f066a214c2f5e87bad3c948f4d605d)
Start importing Assets/Prefabs/elevator.puller.prefab using Guid(a3670535e1d5cb8498abf564d838381d) Importer(2089858483,b0f066a214c2f5e87bad3c948f4d605d) (ScriptedImporter) -> (artifact id: 'a2a9bd2a4f774d363041a92c1a865d1e') in 0.14424 seconds
Number of updated asset objects reloaded before import = 0Number of asset objects unloaded after import = 53

========================================================================
Received Import Request.
  Time since last request: 0.000088 seconds.
  path: Assets/Erbeillo Stylize Material Demo Free/Textures/Sand_WStone_Height.png
  artifactKey: Guid(fd837c6e80d327947b3d4029b0a3bf9f) Importer(2089858483,b0f066a214c2f5e87bad3c948f4d605d)
Start importing Assets/Erbeillo Stylize Material Demo Free/Textures/Sand_WStone_Height.png using Guid(fd837c6e80d327947b3d4029b0a3bf9f) Importer(2089858483,b0f066a214c2f5e87bad3c948f4d605d) (ScriptedImporter) -> (artifact id: '42b1734e76ff7829f013502b7b98cc87') in 0.0784684 seconds
Number of updated asset objects reloaded before import = 0Number of asset objects unloaded after import = 1

========================================================================
Received Import Request.
  Time since last request: 0.000053 seconds.
  path: Assets/Materials/PozadieHraUnderground.mat
  artifactKey: Guid(0893fb21aeec93043a484800b00c3233) Importer(2089858483,b0f066a214c2f5e87bad3c948f4d605d)
Start importing Assets/Materials/PozadieHraUnderground.mat using Guid(0893fb21aeec93043a484800b00c3233) Importer(2089858483,b0f066a214c2f5e87bad3c948f4d605d) (ScriptedImporter) -> (artifact id: '9d85eab43130df31ca754c6d94139a8e') in 0.085545 seconds
Number of updated asset objects reloaded before import = 0Number of asset objects unloaded after import = 1

Editor requested this worker to shutdown with reason: Scaling down because of idle timeout
AssetImportWorker is now disconnected from the server
Process exiting
Exiting without the bug reporter. Application will terminate with return code 0